{"/Users/Gabriel Sousa De Aquino/Coding/gaqno-development-workspace/gaqno-dropshipping-service/src/app.module.ts": {"path":"/Users/Gabriel Sousa De Aquino/Coding/gaqno-development-workspace/gaqno-dropshipping-service/src/app.module.ts","statementMap":{"0":{"start":{"line":1,"column":0},"end":{"line":1,"column":40}},"1":{"start":{"line":2,"column":0},"end":{"line":2,"column":46}},"2":{"start":{"line":3,"column":0},"end":{"line":3,"column":57}},"3":{"start":{"line":4,"column":0},"end":{"line":4,"column":66}},"4":{"start":{"line":5,"column":0},"end":{"line":5,"column":57}},"5":{"start":{"line":6,"column":0},"end":{"line":6,"column":69}},"6":{"start":{"line":7,"column":0},"end":{"line":7,"column":57}},"7":{"start":{"line":8,"column":0},"end":{"line":8,"column":72}},"8":{"start":{"line":9,"column":0},"end":{"line":9,"column":68}},"9":{"start":{"line":10,"column":0},"end":{"line":10,"column":63}},"10":{"start":{"line":11,"column":0},"end":{"line":11,"column":51}},"11":{"start":{"line":12,"column":0},"end":{"line":12,"column":71}},"12":{"start":{"line":13,"column":0},"end":{"line":13,"column":74}},"13":{"start":{"line":14,"column":0},"end":{"line":14,"column":75}},"14":{"start":{"line":15,"column":0},"end":{"line":15,"column":57}},"15":{"start":{"line":35,"column":7},"end":{"line":35,"column":null}},"16":{"start":{"line":35,"column":13},"end":{"line":35,"column":22}},"17":{"start":{"line":35,"column":13},"end":{"line":35,"column":null}}},"fnMap":{},"branchMap":{},"s":{"0":0,"1":0,"2":0,"3":0,"4":0,"5":0,"6":0,"7":0,"8":0,"9":0,"10":0,"11":0,"12":0,"13":0,"14":0,"15":0,"16":0,"17":0},"f":{},"b":{}}
,"/Users/Gabriel Sousa De Aquino/Coding/gaqno-development-workspace/gaqno-dropshipping-service/src/aliexpress/aliexpress-auth.util.ts": {"path":"/Users/Gabriel Sousa De Aquino/Coding/gaqno-development-workspace/gaqno-dropshipping-service/src/aliexpress/aliexpress-auth.util.ts","statementMap":{"0":{"start":{"line":3,"column":0},"end":{"line":3,"column":16}},"1":{"start":{"line":17,"column":0},"end":{"line":17,"column":16}},"2":{"start":{"line":1,"column":0},"end":{"line":1,"column":41}},"3":{"start":{"line":8,"column":17},"end":{"line":8,"column":43}},"4":{"start":{"line":10,"column":4},"end":{"line":10,"column":60}},"5":{"start":{"line":10,"column":32},"end":{"line":10,"column":50}},"6":{"start":{"line":11,"column":2},"end":{"line":14,"column":19}},"7":{"start":{"line":18,"column":16},"end":{"line":18,"column":48}},"8":{"start":{"line":19,"column":2},"end":{"line":19,"column":29}},"9":{"start":{"line":19,"column":13},"end":{"line":19,"column":29}},"10":{"start":{"line":21,"column":18},"end":{"line":21,"column":51}},"11":{"start":{"line":22,"column":2},"end":{"line":22,"column":33}},"12":{"start":{"line":22,"column":15},"end":{"line":22,"column":33}},"13":{"start":{"line":24,"column":22},"end":{"line":24,"column":44}},"14":{"start":{"line":25,"column":2},"end":{"line":25,"column":41}},"15":{"start":{"line":25,"column":19},"end":{"line":25,"column":41}},"16":{"start":{"line":27,"column":2},"end":{"line":27,"column":64}}},"fnMap":{"0":{"name":"generateAliExpressSign","decl":{"start":{"line":3,"column":16},"end":{"line":3,"column":38}},"loc":{"start":{"line":6,"column":19},"end":{"line":15,"column":1}}},"1":{"name":"(anonymous_1)","decl":{"start":{"line":10,"column":25},"end":{"line":10,"column":26}},"loc":{"start":{"line":10,"column":32},"end":{"line":10,"column":50}}},"2":{"name":"extractProductIdFromUrl","decl":{"start":{"line":17,"column":16},"end":{"line":17,"column":39}},"loc":{"start":{"line":17,"column":51},"end":{"line":28,"column":1}}}},"branchMap":{"0":{"loc":{"start":{"line":19,"column":2},"end":{"line":19,"column":29}},"type":"if","locations":[{"start":{"line":19,"column":2},"end":{"line":19,"column":29}}]},"1":{"loc":{"start":{"line":22,"column":2},"end":{"line":22,"column":33}},"type":"if","locations":[{"start":{"line":22,"column":2},"end":{"line":22,"column":33}}]},"2":{"loc":{"start":{"line":25,"column":2},"end":{"line":25,"column":41}},"type":"if","locations":[{"start":{"line":25,"column":2},"end":{"line":25,"column":41}}]}},"s":{"0":0,"1":0,"2":0,"3":0,"4":0,"5":0,"6":0,"7":0,"8":0,"9":0,"10":0,"11":0,"12":0,"13":0,"14":0,"15":0,"16":0},"f":{"0":0,"1":0,"2":0},"b":{"0":[0],"1":[0],"2":[0]}}
,"/Users/Gabriel Sousa De Aquino/Coding/gaqno-development-workspace/gaqno-dropshipping-service/src/aliexpress/aliexpress.module.ts": {"path":"/Users/Gabriel Sousa De Aquino/Coding/gaqno-development-workspace/gaqno-dropshipping-service/src/aliexpress/aliexpress.module.ts","statementMap":{"0":{"start":{"line":1,"column":0},"end":{"line":1,"column":40}},"1":{"start":{"line":2,"column":0},"end":{"line":2,"column":60}},"2":{"start":{"line":8,"column":7},"end":{"line":8,"column":null}},"3":{"start":{"line":8,"column":13},"end":{"line":8,"column":29}},"4":{"start":{"line":8,"column":13},"end":{"line":8,"column":null}}},"fnMap":{},"branchMap":{},"s":{"0":0,"1":0,"2":0,"3":0,"4":0},"f":{},"b":{}}
,"/Users/Gabriel Sousa De Aquino/Coding/gaqno-development-workspace/gaqno-dropshipping-service/src/aliexpress/aliexpress.service.ts": {"path":"/Users/Gabriel Sousa De Aquino/Coding/gaqno-development-workspace/gaqno-dropshipping-service/src/aliexpress/aliexpress.service.ts","statementMap":{"0":{"start":{"line":1,"column":0},"end":{"line":1,"column":52}},"1":{"start":{"line":2,"column":0},"end":{"line":2,"column":47}},"2":{"start":{"line":3,"column":0},"end":{"line":3,"column":67}},"3":{"start":{"line":15,"column":30},"end":{"line":156,"column":null}},"4":{"start":{"line":16,"column":28},"end":{"line":16,"column":62}},"5":{"start":{"line":22,"column":31},"end":{"line":22,"column":39}},"6":{"start":{"line":23,"column":4},"end":{"line":23,"column":71}},"7":{"start":{"line":24,"column":4},"end":{"line":24,"column":77}},"8":{"start":{"line":25,"column":4},"end":{"line":25,"column":81}},"9":{"start":{"line":26,"column":4},"end":{"line":28,"column":43}},"10":{"start":{"line":32,"column":20},"end":{"line":32,"column":47}},"11":{"start":{"line":33,"column":43},"end":{"line":42,"column":6}},"12":{"start":{"line":44,"column":17},"end":{"line":44,"column":72}},"13":{"start":{"line":45,"column":24},"end":{"line":45,"column":64}},"14":{"start":{"line":47,"column":21},"end":{"line":49,"column":6}},"15":{"start":{"line":51,"column":4},"end":{"line":53,"column":5}},"16":{"start":{"line":52,"column":6},"end":{"line":52,"column":89}},"17":{"start":{"line":55,"column":18},"end":{"line":55,"column":39}},"18":{"start":{"line":56,"column":19},"end":{"line":56,"column":66}},"19":{"start":{"line":58,"column":4},"end":{"line":61,"column":5}},"20":{"start":{"line":59,"column":21},"end":{"line":59,"column":69}},"21":{"start":{"line":60,"column":6},"end":{"line":60,"column":87}},"22":{"start":{"line":63,"column":21},"end":{"line":63,"column":49}},"23":{"start":{"line":64,"column":20},"end":{"line":64,"column":78}},"24":{"start":{"line":65,"column":19},"end":{"line":65,"column":78}},"25":{"start":{"line":67,"column":17},"end":{"line":73,"column":7}},"26":{"start":{"line":67,"column":39},"end":{"line":73,"column":6}},"27":{"start":{"line":75,"column":26},"end":{"line":75,"column":72}},"28":{"start":{"line":75,"column":45},"end":{"line":75,"column":71}},"29":{"start":{"line":76,"column":24},"end":{"line":80,"column":11}},"30":{"start":{"line":77,"column":45},"end":{"line":77,"column":52}},"31":{"start":{"line":79,"column":38},"end":{"line":79,"column":45}},"32":{"start":{"line":82,"column":4},"end":{"line":91,"column":6}},"33":{"start":{"line":97,"column":20},"end":{"line":97,"column":48}},"34":{"start":{"line":99,"column":29},"end":{"line":105,"column":6}},"35":{"start":{"line":107,"column":25},"end":{"line":113,"column":6}},"36":{"start":{"line":115,"column":43},"end":{"line":123,"column":6}},"37":{"start":{"line":125,"column":17},"end":{"line":125,"column":72}},"38":{"start":{"line":126,"column":24},"end":{"line":126,"column":64}},"39":{"start":{"line":128,"column":21},"end":{"line":130,"column":6}},"40":{"start":{"line":132,"column":4},"end":{"line":134,"column":5}},"41":{"start":{"line":133,"column":6},"end":{"line":133,"column":89}},"42":{"start":{"line":136,"column":18},"end":{"line":136,"column":39}},"43":{"start":{"line":137,"column":19},"end":{"line":137,"column":67}},"44":{"start":{"line":139,"column":4},"end":{"line":149,"column":5}},"45":{"start":{"line":140,"column":6},"end":{"line":142,"column":8}},"46":{"start":{"line":143,"column":6},"end":{"line":148,"column":8}},"47":{"start":{"line":151,"column":4},"end":{"line":154,"column":6}},"48":{"start":{"line":15,"column":13},"end":{"line":15,"column":30}},"49":{"start":{"line":15,"column":13},"end":{"line":156,"column":null}}},"fnMap":{"0":{"name":"(anonymous_2)","decl":{"start":{"line":22,"column":2},"end":{"line":22,"column":31}},"loc":{"start":{"line":22,"column":52},"end":{"line":29,"column":3}}},"1":{"name":"(anonymous_3)","decl":{"start":{"line":31,"column":2},"end":{"line":31,"column":7}},"loc":{"start":{"line":31,"column":43},"end":{"line":92,"column":3}}},"2":{"name":"(anonymous_4)","decl":{"start":{"line":67,"column":29},"end":{"line":67,"column":30}},"loc":{"start":{"line":67,"column":39},"end":{"line":73,"column":6}}},"3":{"name":"(anonymous_5)","decl":{"start":{"line":75,"column":38},"end":{"line":75,"column":39}},"loc":{"start":{"line":75,"column":45},"end":{"line":75,"column":71}}},"4":{"name":"(anonymous_6)","decl":{"start":{"line":77,"column":38},"end":{"line":77,"column":39}},"loc":{"start":{"line":77,"column":45},"end":{"line":77,"column":52}}},"5":{"name":"(anonymous_7)","decl":{"start":{"line":79,"column":31},"end":{"line":79,"column":32}},"loc":{"start":{"line":79,"column":38},"end":{"line":79,"column":45}}},"6":{"name":"(anonymous_8)","decl":{"start":{"line":94,"column":2},"end":{"line":94,"column":7}},"loc":{"start":{"line":95,"column":33},"end":{"line":155,"column":3}}}},"branchMap":{"0":{"loc":{"start":{"line":27,"column":6},"end":{"line":28,"column":42}},"type":"binary-expr","locations":[{"start":{"line":27,"column":6},"end":{"line":27,"column":51}},{"start":{"line":28,"column":6},"end":{"line":28,"column":42}}]},"1":{"loc":{"start":{"line":51,"column":4},"end":{"line":53,"column":5}},"type":"if","locations":[{"start":{"line":51,"column":4},"end":{"line":53,"column":5}}]},"2":{"loc":{"start":{"line":58,"column":4},"end":{"line":61,"column":5}},"type":"if","locations":[{"start":{"line":58,"column":4},"end":{"line":61,"column":5}}]},"3":{"loc":{"start":{"line":60,"column":58},"end":{"line":60,"column":83}},"type":"binary-expr","locations":[{"start":{"line":60,"column":58},"end":{"line":60,"column":64}},{"start":{"line":60,"column":68},"end":{"line":60,"column":83}}]},"4":{"loc":{"start":{"line":64,"column":20},"end":{"line":64,"column":78}},"type":"binary-expr","locations":[{"start":{"line":64,"column":20},"end":{"line":64,"column":72}},{"start":{"line":64,"column":76},"end":{"line":64,"column":78}}]},"5":{"loc":{"start":{"line":65,"column":19},"end":{"line":65,"column":78}},"type":"binary-expr","locations":[{"start":{"line":65,"column":19},"end":{"line":65,"column":72}},{"start":{"line":65,"column":76},"end":{"line":65,"column":78}}]},"6":{"loc":{"start":{"line":69,"column":24},"end":{"line":69,"column":61}},"type":"binary-expr","locations":[{"start":{"line":69,"column":24},"end":{"line":69,"column":44}},{"start":{"line":69,"column":48},"end":{"line":69,"column":61}}]},"7":{"loc":{"start":{"line":75,"column":45},"end":{"line":75,"column":71}},"type":"binary-expr","locations":[{"start":{"line":75,"column":45},"end":{"line":75,"column":56}},{"start":{"line":75,"column":60},"end":{"line":75,"column":71}}]},"8":{"loc":{"start":{"line":76,"column":24},"end":{"line":80,"column":11}},"type":"cond-expr","locations":[{"start":{"line":77,"column":8},"end":{"line":77,"column":54}},{"start":{"line":78,"column":8},"end":{"line":80,"column":11}}]},"9":{"loc":{"start":{"line":78,"column":8},"end":{"line":80,"column":11}},"type":"cond-expr","locations":[{"start":{"line":79,"column":10},"end":{"line":79,"column":47}},{"start":{"line":80,"column":10},"end":{"line":80,"column":11}}]},"10":{"loc":{"start":{"line":104,"column":11},"end":{"line":104,"column":28}},"type":"binary-expr","locations":[{"start":{"line":104,"column":11},"end":{"line":104,"column":22}},{"start":{"line":104,"column":26},"end":{"line":104,"column":28}}]},"11":{"loc":{"start":{"line":132,"column":4},"end":{"line":134,"column":5}},"type":"if","locations":[{"start":{"line":132,"column":4},"end":{"line":134,"column":5}}]},"12":{"loc":{"start":{"line":139,"column":4},"end":{"line":149,"column":5}},"type":"if","locations":[{"start":{"line":139,"column":4},"end":{"line":149,"column":5}}]}},"s":{"0":0,"1":0,"2":0,"3":0,"4":0,"5":0,"6":0,"7":0,"8":0,"9":0,"10":0,"11":0,"12":0,"13":0,"14":0,"15":0,"16":0,"17":0,"18":0,"19":0,"20":0,"21":0,"22":0,"23":0,"24":0,"25":0,"26":0,"27":0,"28":0,"29":0,"30":0,"31":0,"32":0,"33":0,"34":0,"35":0,"36":0,"37":0,"38":0,"39":0,"40":0,"41":0,"42":0,"43":0,"44":0,"45":0,"46":0,"47":0,"48":0,"49":0},"f":{"0":0,"1":0,"2":0,"3":0,"4":0,"5":0,"6":0},"b":{"0":[0,0],"1":[0],"2":[0],"3":[0,0],"4":[0,0],"5":[0,0],"6":[0,0],"7":[0,0],"8":[0,0],"9":[0,0],"10":[0,0],"11":[0],"12":[0]}}
,"/Users/Gabriel Sousa De Aquino/Coding/gaqno-development-workspace/gaqno-dropshipping-service/src/auth/auth.module.ts": {"path":"/Users/Gabriel Sousa De Aquino/Coding/gaqno-development-workspace/gaqno-dropshipping-service/src/auth/auth.module.ts","statementMap":{"0":{"start":{"line":1,"column":0},"end":{"line":1,"column":43}},"1":{"start":{"line":2,"column":0},"end":{"line":2,"column":40}},"2":{"start":{"line":3,"column":0},"end":{"line":3,"column":46}},"3":{"start":{"line":4,"column":0},"end":{"line":4,"column":50}},"4":{"start":{"line":5,"column":0},"end":{"line":5,"column":78}},"5":{"start":{"line":12,"column":7},"end":{"line":12,"column":null}},"6":{"start":{"line":12,"column":13},"end":{"line":12,"column":23}},"7":{"start":{"line":12,"column":13},"end":{"line":12,"column":null}}},"fnMap":{},"branchMap":{},"s":{"0":0,"1":0,"2":0,"3":0,"4":0,"5":0,"6":0,"7":0},"f":{},"b":{}}
,"/Users/Gabriel Sousa De Aquino/Coding/gaqno-development-workspace/gaqno-dropshipping-service/src/database/db.module.ts": {"path":"/Users/Gabriel Sousa De Aquino/Coding/gaqno-development-workspace/gaqno-dropshipping-service/src/database/db.module.ts","statementMap":{"0":{"start":{"line":1,"column":0},"end":{"line":1,"column":48}},"1":{"start":{"line":2,"column":0},"end":{"line":2,"column":50}},"2":{"start":{"line":9,"column":7},"end":{"line":9,"column":null}},"3":{"start":{"line":9,"column":13},"end":{"line":9,"column":27}},"4":{"start":{"line":9,"column":13},"end":{"line":9,"column":null}}},"fnMap":{},"branchMap":{},"s":{"0":0,"1":0,"2":0,"3":0,"4":0},"f":{},"b":{}}
,"/Users/Gabriel Sousa De Aquino/Coding/gaqno-development-workspace/gaqno-dropshipping-service/src/database/db.service.ts": {"path":"/Users/Gabriel Sousa De Aquino/Coding/gaqno-development-workspace/gaqno-dropshipping-service/src/database/db.service.ts","statementMap":{"0":{"start":{"line":1,"column":0},"end":{"line":1,"column":75}},"1":{"start":{"line":2,"column":0},"end":{"line":2,"column":47}},"2":{"start":{"line":3,"column":0},"end":{"line":3,"column":68}},"3":{"start":{"line":4,"column":0},"end":{"line":4,"column":26}},"4":{"start":{"line":5,"column":0},"end":{"line":5,"column":38}},"5":{"start":{"line":8,"column":7},"end":{"line":41,"column":null}},"6":{"start":{"line":12,"column":31},"end":{"line":12,"column":39}},"7":{"start":{"line":15,"column":29},"end":{"line":15,"column":68}},"8":{"start":{"line":16,"column":4},"end":{"line":18,"column":5}},"9":{"start":{"line":17,"column":6},"end":{"line":17,"column":53}},"10":{"start":{"line":20,"column":4},"end":{"line":25,"column":7}},"11":{"start":{"line":27,"column":4},"end":{"line":27,"column":45}},"12":{"start":{"line":31,"column":4},"end":{"line":31,"column":26}},"13":{"start":{"line":35,"column":4},"end":{"line":35,"column":19}},"14":{"start":{"line":39,"column":4},"end":{"line":39,"column":21}},"15":{"start":{"line":8,"column":13},"end":{"line":8,"column":28}},"16":{"start":{"line":8,"column":13},"end":{"line":41,"column":null}}},"fnMap":{"0":{"name":"(anonymous_11)","decl":{"start":{"line":12,"column":2},"end":{"line":12,"column":31}},"loc":{"start":{"line":12,"column":52},"end":{"line":12,"column":56}}},"1":{"name":"(anonymous_12)","decl":{"start":{"line":14,"column":2},"end":{"line":14,"column":7}},"loc":{"start":{"line":14,"column":20},"end":{"line":28,"column":3}}},"2":{"name":"(anonymous_13)","decl":{"start":{"line":30,"column":2},"end":{"line":30,"column":7}},"loc":{"start":{"line":30,"column":23},"end":{"line":32,"column":3}}},"3":{"name":"(anonymous_14)","decl":{"start":{"line":34,"column":2},"end":{"line":34,"column":7}},"loc":{"start":{"line":34,"column":7},"end":{"line":36,"column":3}}},"4":{"name":"(anonymous_15)","decl":{"start":{"line":38,"column":2},"end":{"line":38,"column":9}},"loc":{"start":{"line":38,"column":9},"end":{"line":40,"column":3}}}},"branchMap":{"0":{"loc":{"start":{"line":16,"column":4},"end":{"line":18,"column":5}},"type":"if","locations":[{"start":{"line":16,"column":4},"end":{"line":18,"column":5}}]}},"s":{"0":0,"1":0,"2":0,"3":0,"4":0,"5":0,"6":0,"7":0,"8":0,"9":0,"10":0,"11":0,"12":0,"13":0,"14":0,"15":0,"16":0},"f":{"0":0,"1":0,"2":0,"3":0,"4":0},"b":{"0":[0]}}
,"/Users/Gabriel Sousa De Aquino/Coding/gaqno-development-workspace/gaqno-dropshipping-service/src/database/schema.ts": {"path":"/Users/Gabriel Sousa De Aquino/Coding/gaqno-development-workspace/gaqno-dropshipping-service/src/database/schema.ts","statementMap":{"0":{"start":{"line":1,"column":0},"end":{"line":1,"column":null}},"1":{"start":{"line":15,"column":13},"end":{"line":20,"column":3}},"2":{"start":{"line":22,"column":13},"end":{"line":30,"column":3}},"3":{"start":{"line":32,"column":13},"end":{"line":39,"column":3}},"4":{"start":{"line":41,"column":13},"end":{"line":65,"column":2}},"5":{"start":{"line":60,"column":10},"end":{"line":64,"column":4}},"6":{"start":{"line":67,"column":13},"end":{"line":89,"column":2}},"7":{"start":{"line":83,"column":10},"end":{"line":88,"column":4}},"8":{"start":{"line":91,"column":13},"end":{"line":108,"column":2}},"9":{"start":{"line":103,"column":10},"end":{"line":107,"column":4}},"10":{"start":{"line":110,"column":13},"end":{"line":114,"column":3}},"11":{"start":{"line":116,"column":13},"end":{"line":125,"column":3}},"12":{"start":{"line":127,"column":13},"end":{"line":130,"column":3}},"13":{"start":{"line":132,"column":13},"end":{"line":149,"column":2}},"14":{"start":{"line":145,"column":10},"end":{"line":148,"column":4}},"15":{"start":{"line":151,"column":13},"end":{"line":179,"column":2}},"16":{"start":{"line":157,"column":24},"end":{"line":157,"column":35}},"17":{"start":{"line":160,"column":53},"end":{"line":160,"column":68}},"18":{"start":{"line":173,"column":10},"end":{"line":178,"column":4}},"19":{"start":{"line":181,"column":13},"end":{"line":219,"column":2}},"20":{"start":{"line":213,"column":10},"end":{"line":218,"column":4}},"21":{"start":{"line":221,"column":13},"end":{"line":246,"column":2}},"22":{"start":{"line":227,"column":24},"end":{"line":227,"column":35}},"23":{"start":{"line":230,"column":24},"end":{"line":230,"column":37}},"24":{"start":{"line":242,"column":10},"end":{"line":245,"column":4}}},"fnMap":{"0":{"name":"(anonymous_0)","decl":{"start":{"line":60,"column":2},"end":{"line":60,"column":3}},"loc":{"start":{"line":60,"column":10},"end":{"line":64,"column":4}}},"1":{"name":"(anonymous_1)","decl":{"start":{"line":83,"column":2},"end":{"line":83,"column":3}},"loc":{"start":{"line":83,"column":10},"end":{"line":88,"column":4}}},"2":{"name":"(anonymous_2)","decl":{"start":{"line":103,"column":2},"end":{"line":103,"column":3}},"loc":{"start":{"line":103,"column":10},"end":{"line":107,"column":4}}},"3":{"name":"(anonymous_3)","decl":{"start":{"line":145,"column":2},"end":{"line":145,"column":3}},"loc":{"start":{"line":145,"column":10},"end":{"line":148,"column":4}}},"4":{"name":"(anonymous_4)","decl":{"start":{"line":157,"column":18},"end":{"line":157,"column":21}},"loc":{"start":{"line":157,"column":24},"end":{"line":157,"column":35}}},"5":{"name":"(anonymous_5)","decl":{"start":{"line":160,"column":47},"end":{"line":160,"column":50}},"loc":{"start":{"line":160,"column":53},"end":{"line":160,"column":68}}},"6":{"name":"(anonymous_6)","decl":{"start":{"line":173,"column":2},"end":{"line":173,"column":3}},"loc":{"start":{"line":173,"column":10},"end":{"line":178,"column":4}}},"7":{"name":"(anonymous_7)","decl":{"start":{"line":213,"column":2},"end":{"line":213,"column":3}},"loc":{"start":{"line":213,"column":10},"end":{"line":218,"column":4}}},"8":{"name":"(anonymous_8)","decl":{"start":{"line":227,"column":18},"end":{"line":227,"column":21}},"loc":{"start":{"line":227,"column":24},"end":{"line":227,"column":35}}},"9":{"name":"(anonymous_9)","decl":{"start":{"line":230,"column":18},"end":{"line":230,"column":21}},"loc":{"start":{"line":230,"column":24},"end":{"line":230,"column":37}}},"10":{"name":"(anonymous_10)","decl":{"start":{"line":242,"column":2},"end":{"line":242,"column":3}},"loc":{"start":{"line":242,"column":10},"end":{"line":245,"column":4}}}},"branchMap":{},"s":{"0":0,"1":0,"2":0,"3":0,"4":0,"5":0,"6":0,"7":0,"8":0,"9":0,"10":0,"11":0,"12":0,"13":0,"14":0,"15":0,"16":0,"17":0,"18":0,"19":0,"20":0,"21":0,"22":0,"23":0,"24":0},"f":{"0":0,"1":0,"2":0,"3":0,"4":0,"5":0,"6":0,"7":0,"8":0,"9":0,"10":0},"b":{}}
,"/Users/Gabriel Sousa De Aquino/Coding/gaqno-development-workspace/gaqno-dropshipping-service/src/health/health.controller.ts": {"path":"/Users/Gabriel Sousa De Aquino/Coding/gaqno-development-workspace/gaqno-dropshipping-service/src/health/health.controller.ts","statementMap":{"0":{"start":{"line":1,"column":0},"end":{"line":1,"column":49}},"1":{"start":{"line":4,"column":7},"end":{"line":9,"column":null}},"2":{"start":{"line":7,"column":4},"end":{"line":7,"column":28}},"3":{"start":{"line":4,"column":13},"end":{"line":4,"column":29}},"4":{"start":{"line":6,"column":2},"end":{"line":8,"column":null}},"5":{"start":{"line":4,"column":13},"end":{"line":9,"column":null}}},"fnMap":{"0":{"name":"(anonymous_2)","decl":{"start":{"line":6,"column":2},"end":{"line":6,"column":7}},"loc":{"start":{"line":6,"column":7},"end":{"line":8,"column":3}}}},"branchMap":{},"s":{"0":0,"1":0,"2":0,"3":0,"4":0,"5":0},"f":{"0":0},"b":{}}
,"/Users/Gabriel Sousa De Aquino/Coding/gaqno-development-workspace/gaqno-dropshipping-service/src/health/health.module.ts": {"path":"/Users/Gabriel Sousa De Aquino/Coding/gaqno-development-workspace/gaqno-dropshipping-service/src/health/health.module.ts","statementMap":{"0":{"start":{"line":1,"column":0},"end":{"line":1,"column":40}},"1":{"start":{"line":2,"column":0},"end":{"line":2,"column":58}},"2":{"start":{"line":7,"column":7},"end":{"line":7,"column":null}},"3":{"start":{"line":7,"column":13},"end":{"line":7,"column":25}},"4":{"start":{"line":7,"column":13},"end":{"line":7,"column":null}}},"fnMap":{},"branchMap":{},"s":{"0":0,"1":0,"2":0,"3":0,"4":0},"f":{},"b":{}}
,"/Users/Gabriel Sousa De Aquino/Coding/gaqno-development-workspace/gaqno-dropshipping-service/src/mercadopago/mercadopago.controller.ts": {"path":"/Users/Gabriel Sousa De Aquino/Coding/gaqno-development-workspace/gaqno-dropshipping-service/src/mercadopago/mercadopago.controller.ts","statementMap":{"0":{"start":{"line":1,"column":0},"end":{"line":1,"column":null}},"1":{"start":{"line":11,"column":0},"end":{"line":11,"column":62}},"2":{"start":{"line":12,"column":0},"end":{"line":12,"column":71}},"3":{"start":{"line":16,"column":34},"end":{"line":68,"column":null}},"4":{"start":{"line":17,"column":28},"end":{"line":17,"column":66}},"5":{"start":{"line":20,"column":21},"end":{"line":20,"column":32}},"6":{"start":{"line":21,"column":21},"end":{"line":21,"column":32}},"7":{"start":{"line":27,"column":17},"end":{"line":27,"column":46}},"8":{"start":{"line":29,"column":4},"end":{"line":31,"column":5}},"9":{"start":{"line":30,"column":6},"end":{"line":30,"column":32}},"10":{"start":{"line":33,"column":23},"end":{"line":33,"column":71}},"11":{"start":{"line":34,"column":23},"end":{"line":34,"column":72}},"12":{"start":{"line":35,"column":19},"end":{"line":35,"column":60}},"13":{"start":{"line":37,"column":4},"end":{"line":39,"column":5}},"14":{"start":{"line":38,"column":6},"end":{"line":38,"column":67}},"15":{"start":{"line":41,"column":4},"end":{"line":43,"column":5}},"16":{"start":{"line":42,"column":6},"end":{"line":42,"column":59}},"17":{"start":{"line":46,"column":6},"end":{"line":46,"column":68}},"18":{"start":{"line":48,"column":4},"end":{"line":50,"column":5}},"19":{"start":{"line":49,"column":6},"end":{"line":49,"column":32}},"20":{"start":{"line":52,"column":4},"end":{"line":57,"column":5}},"21":{"start":{"line":53,"column":6},"end":{"line":53,"column":61}},"22":{"start":{"line":55,"column":22},"end":{"line":55,"column":76}},"23":{"start":{"line":56,"column":6},"end":{"line":56,"column":63}},"24":{"start":{"line":59,"column":4},"end":{"line":64,"column":5}},"25":{"start":{"line":60,"column":6},"end":{"line":60,"column":59}},"26":{"start":{"line":62,"column":22},"end":{"line":62,"column":76}},"27":{"start":{"line":63,"column":6},"end":{"line":63,"column":63}},"28":{"start":{"line":66,"column":4},"end":{"line":66,"column":30}},"29":{"start":{"line":16,"column":13},"end":{"line":16,"column":34}},"30":{"start":{"line":26,"column":8},"end":{"line":67,"column":null}},"31":{"start":{"line":16,"column":13},"end":{"line":68,"column":null}}},"fnMap":{"0":{"name":"(anonymous_4)","decl":{"start":{"line":19,"column":2},"end":{"line":19,"column":null}},"loc":{"start":{"line":21,"column":48},"end":{"line":22,"column":6}}},"1":{"name":"(anonymous_5)","decl":{"start":{"line":26,"column":2},"end":{"line":26,"column":7}},"loc":{"start":{"line":26,"column":41},"end":{"line":67,"column":3}}}},"branchMap":{"0":{"loc":{"start":{"line":29,"column":4},"end":{"line":31,"column":5}},"type":"if","locations":[{"start":{"line":29,"column":4},"end":{"line":31,"column":5}}]},"1":{"loc":{"start":{"line":35,"column":19},"end":{"line":35,"column":60}},"type":"cond-expr","locations":[{"start":{"line":35,"column":35},"end":{"line":35,"column":55}},{"start":{"line":35,"column":58},"end":{"line":35,"column":60}}]},"2":{"loc":{"start":{"line":37,"column":4},"end":{"line":39,"column":5}},"type":"if","locations":[{"start":{"line":37,"column":4},"end":{"line":39,"column":5}}]},"3":{"loc":{"start":{"line":37,"column":8},"end":{"line":37,"column":34}},"type":"binary-expr","locations":[{"start":{"line":37,"column":8},"end":{"line":37,"column":19}},{"start":{"line":37,"column":23},"end":{"line":37,"column":34}}]},"4":{"loc":{"start":{"line":41,"column":4},"end":{"line":43,"column":5}},"type":"if","locations":[{"start":{"line":41,"column":4},"end":{"line":43,"column":5}}]},"5":{"loc":{"start":{"line":46,"column":6},"end":{"line":46,"column":68}},"type":"binary-expr","locations":[{"start":{"line":46,"column":6},"end":{"line":46,"column":29}},{"start":{"line":46,"column":33},"end":{"line":46,"column":68}}]},"6":{"loc":{"start":{"line":48,"column":4},"end":{"line":50,"column":5}},"type":"if","locations":[{"start":{"line":48,"column":4},"end":{"line":50,"column":5}}]},"7":{"loc":{"start":{"line":48,"column":8},"end":{"line":48,"column":34}},"type":"binary-expr","locations":[{"start":{"line":48,"column":8},"end":{"line":48,"column":23}},{"start":{"line":48,"column":27},"end":{"line":48,"column":34}}]},"8":{"loc":{"start":{"line":55,"column":22},"end":{"line":55,"column":76}},"type":"cond-expr","locations":[{"start":{"line":55,"column":47},"end":{"line":55,"column":60}},{"start":{"line":55,"column":63},"end":{"line":55,"column":76}}]},"9":{"loc":{"start":{"line":62,"column":22},"end":{"line":62,"column":76}},"type":"cond-expr","locations":[{"start":{"line":62,"column":47},"end":{"line":62,"column":60}},{"start":{"line":62,"column":63},"end":{"line":62,"column":76}}]}},"s":{"0":0,"1":0,"2":0,"3":0,"4":0,"5":0,"6":0,"7":0,"8":0,"9":0,"10":0,"11":0,"12":0,"13":0,"14":0,"15":0,"16":0,"17":0,"18":0,"19":0,"20":0,"21":0,"22":0,"23":0,"24":0,"25":0,"26":0,"27":0,"28":0,"29":0,"30":0,"31":0},"f":{"0":0,"1":0},"b":{"0":[0],"1":[0,0],"2":[0],"3":[0,0],"4":[0],"5":[0,0],"6":[0],"7":[0,0],"8":[0,0],"9":[0,0]}}
,"/Users/Gabriel Sousa De Aquino/Coding/gaqno-development-workspace/gaqno-dropshipping-service/src/mercadopago/mercadopago.module.ts": {"path":"/Users/Gabriel Sousa De Aquino/Coding/gaqno-development-workspace/gaqno-dropshipping-service/src/mercadopago/mercadopago.module.ts","statementMap":{"0":{"start":{"line":1,"column":0},"end":{"line":1,"column":52}},"1":{"start":{"line":2,"column":0},"end":{"line":2,"column":62}},"2":{"start":{"line":3,"column":0},"end":{"line":3,"column":68}},"3":{"start":{"line":4,"column":0},"end":{"line":4,"column":69}},"4":{"start":{"line":12,"column":7},"end":{"line":12,"column":null}},"5":{"start":{"line":12,"column":13},"end":{"line":12,"column":30}},"6":{"start":{"line":12,"column":13},"end":{"line":12,"column":null}},"7":{"start":{"line":7,"column":29},"end":{"line":7,"column":44}}},"fnMap":{"0":{"name":"(anonymous_1)","decl":{"start":{"line":7,"column":23},"end":{"line":7,"column":26}},"loc":{"start":{"line":7,"column":29},"end":{"line":7,"column":44}}}},"branchMap":{},"s":{"0":0,"1":0,"2":0,"3":0,"4":0,"5":0,"6":0,"7":0},"f":{"0":0},"b":{}}
,"/Users/Gabriel Sousa De Aquino/Coding/gaqno-development-workspace/gaqno-dropshipping-service/src/mercadopago/mercadopago.service.ts": {"path":"/Users/Gabriel Sousa De Aquino/Coding/gaqno-development-workspace/gaqno-dropshipping-service/src/mercadopago/mercadopago.service.ts","statementMap":{"0":{"start":{"line":1,"column":0},"end":{"line":1,"column":52}},"1":{"start":{"line":2,"column":0},"end":{"line":2,"column":47}},"2":{"start":{"line":3,"column":0},"end":{"line":3,"column":69}},"3":{"start":{"line":4,"column":0},"end":{"line":4,"column":41}},"4":{"start":{"line":26,"column":27},"end":{"line":26,"column":29}},"5":{"start":{"line":29,"column":31},"end":{"line":243,"column":null}},"6":{"start":{"line":30,"column":28},"end":{"line":30,"column":63}},"7":{"start":{"line":34,"column":31},"end":{"line":34,"column":39}},"8":{"start":{"line":35,"column":4},"end":{"line":37,"column":6}},"9":{"start":{"line":38,"column":4},"end":{"line":40,"column":6}},"10":{"start":{"line":44,"column":4},"end":{"line":47,"column":7}},"11":{"start":{"line":51,"column":4},"end":{"line":54,"column":6}},"12":{"start":{"line":58,"column":4},"end":{"line":69,"column":5}},"13":{"start":{"line":59,"column":21},"end":{"line":59,"column":33}},"14":{"start":{"line":60,"column":6},"end":{"line":60,"column":53}},"15":{"start":{"line":60,"column":40},"end":{"line":60,"column":53}},"16":{"start":{"line":61,"column":27},"end":{"line":61,"column":33}},"17":{"start":{"line":62,"column":6},"end":{"line":66,"column":8}},"18":{"start":{"line":68,"column":6},"end":{"line":68,"column":19}},"19":{"start":{"line":77,"column":18},"end":{"line":81,"column":null}},"20":{"start":{"line":79,"column":26},"end":{"line":79,"column":45}},"21":{"start":{"line":80,"column":8},"end":{"line":80,"column":32}},"22":{"start":{"line":84,"column":15},"end":{"line":84,"column":26}},"23":{"start":{"line":85,"column":15},"end":{"line":85,"column":26}},"24":{"start":{"line":86,"column":4},"end":{"line":86,"column":33}},"25":{"start":{"line":86,"column":20},"end":{"line":86,"column":33}},"26":{"start":{"line":88,"column":21},"end":{"line":88,"column":70}},"27":{"start":{"line":89,"column":17},"end":{"line":91,"column":20}},"28":{"start":{"line":93,"column":4},"end":{"line":93,"column":23}},"29":{"start":{"line":97,"column":20},"end":{"line":97,"column":51}},"30":{"start":{"line":98,"column":21},"end":{"line":98,"column":67}},"31":{"start":{"line":100,"column":4},"end":{"line":106,"column":6}},"32":{"start":{"line":114,"column":20},"end":{"line":114,"column":51}},"33":{"start":{"line":115,"column":22},"end":{"line":115,"column":32}},"34":{"start":{"line":116,"column":4},"end":{"line":116,"column":70}},"35":{"start":{"line":119,"column":6},"end":{"line":119,"column":60}},"36":{"start":{"line":121,"column":21},"end":{"line":131,"column":6}},"37":{"start":{"line":133,"column":19},"end":{"line":133,"column":66}},"38":{"start":{"line":134,"column":4},"end":{"line":136,"column":5}},"39":{"start":{"line":135,"column":6},"end":{"line":135,"column":72}},"40":{"start":{"line":138,"column":4},"end":{"line":145,"column":6}},"41":{"start":{"line":153,"column":23},"end":{"line":153,"column":57}},"42":{"start":{"line":154,"column":20},"end":{"line":154,"column":37}},"43":{"start":{"line":155,"column":21},"end":{"line":155,"column":51}},"44":{"start":{"line":157,"column":6},"end":{"line":157,"column":60}},"45":{"start":{"line":159,"column":4},"end":{"line":164,"column":5}},"46":{"start":{"line":160,"column":6},"end":{"line":163,"column":8}},"47":{"start":{"line":167,"column":6},"end":{"line":168,"column":43}},"48":{"start":{"line":170,"column":21},"end":{"line":202,"column":6}},"49":{"start":{"line":172,"column":41},"end":{"line":179,"column":10}},"50":{"start":{"line":204,"column":4},"end":{"line":208,"column":5}},"51":{"start":{"line":205,"column":6},"end":{"line":207,"column":8}},"52":{"start":{"line":210,"column":4},"end":{"line":213,"column":6}},"53":{"start":{"line":219,"column":20},"end":{"line":219,"column":51}},"54":{"start":{"line":221,"column":21},"end":{"line":227,"column":6}},"55":{"start":{"line":229,"column":20},"end":{"line":229,"column":42}},"56":{"start":{"line":230,"column":21},"end":{"line":230,"column":65}},"57":{"start":{"line":230,"column":41},"end":{"line":230,"column":64}},"58":{"start":{"line":231,"column":19},"end":{"line":231,"column":41}},"59":{"start":{"line":232,"column":4},"end":{"line":232,"column":33}},"60":{"start":{"line":232,"column":21},"end":{"line":232,"column":33}},"61":{"start":{"line":234,"column":4},"end":{"line":241,"column":6}},"62":{"start":{"line":29,"column":13},"end":{"line":29,"column":31}},"63":{"start":{"line":29,"column":13},"end":{"line":243,"column":null}}},"fnMap":{"0":{"name":"(anonymous_2)","decl":{"start":{"line":34,"column":2},"end":{"line":34,"column":31}},"loc":{"start":{"line":34,"column":52},"end":{"line":41,"column":3}}},"1":{"name":"(anonymous_3)","decl":{"start":{"line":43,"column":10},"end":{"line":43,"column":21}},"loc":{"start":{"line":43,"column":21},"end":{"line":48,"column":3}}},"2":{"name":"(anonymous_4)","decl":{"start":{"line":50,"column":10},"end":{"line":50,"column":20}},"loc":{"start":{"line":50,"column":20},"end":{"line":55,"column":3}}},"3":{"name":"(anonymous_5)","decl":{"start":{"line":57,"column":10},"end":{"line":57,"column":26}},"loc":{"start":{"line":57,"column":38},"end":{"line":70,"column":3}}},"4":{"name":"(anonymous_6)","decl":{"start":{"line":72,"column":2},"end":{"line":72,"column":17}},"loc":{"start":{"line":75,"column":18},"end":{"line":94,"column":3}}},"5":{"name":"(anonymous_7)","decl":{"start":{"line":78,"column":32},"end":{"line":78,"column":33}},"loc":{"start":{"line":78,"column":38},"end":{"line":81,"column":7}}},"6":{"name":"(anonymous_8)","decl":{"start":{"line":96,"column":2},"end":{"line":96,"column":7}},"loc":{"start":{"line":96,"column":44},"end":{"line":107,"column":3}}},"7":{"name":"(anonymous_9)","decl":{"start":{"line":109,"column":2},"end":{"line":109,"column":7}},"loc":{"start":{"line":112,"column":22},"end":{"line":146,"column":3}}},"8":{"name":"(anonymous_10)","decl":{"start":{"line":148,"column":2},"end":{"line":148,"column":7}},"loc":{"start":{"line":151,"column":22},"end":{"line":214,"column":3}}},"9":{"name":"(anonymous_11)","decl":{"start":{"line":172,"column":25},"end":{"line":172,"column":26}},"loc":{"start":{"line":172,"column":41},"end":{"line":179,"column":10}}},"10":{"name":"(anonymous_12)","decl":{"start":{"line":216,"column":2},"end":{"line":216,"column":7}},"loc":{"start":{"line":217,"column":29},"end":{"line":242,"column":3}}},"11":{"name":"(anonymous_13)","decl":{"start":{"line":230,"column":34},"end":{"line":230,"column":35}},"loc":{"start":{"line":230,"column":41},"end":{"line":230,"column":64}}}},"branchMap":{"0":{"loc":{"start":{"line":52,"column":6},"end":{"line":53,"column":29}},"type":"binary-expr","locations":[{"start":{"line":52,"column":6},"end":{"line":52,"column":52}},{"start":{"line":53,"column":6},"end":{"line":53,"column":29}}]},"1":{"loc":{"start":{"line":60,"column":6},"end":{"line":60,"column":53}},"type":"if","locations":[{"start":{"line":60,"column":6},"end":{"line":60,"column":53}}]},"2":{"loc":{"start":{"line":63,"column":8},"end":{"line":65,"column":40}},"type":"binary-expr","locations":[{"start":{"line":63,"column":8},"end":{"line":63,"column":32}},{"start":{"line":64,"column":8},"end":{"line":64,"column":32}},{"start":{"line":65,"column":8},"end":{"line":65,"column":40}}]},"3":{"loc":{"start":{"line":86,"column":4},"end":{"line":86,"column":33}},"type":"if","locations":[{"start":{"line":86,"column":4},"end":{"line":86,"column":33}}]},"4":{"loc":{"start":{"line":86,"column":8},"end":{"line":86,"column":18}},"type":"binary-expr","locations":[{"start":{"line":86,"column":8},"end":{"line":86,"column":11}},{"start":{"line":86,"column":15},"end":{"line":86,"column":18}}]},"5":{"loc":{"start":{"line":101,"column":15},"end":{"line":101,"column":63}},"type":"binary-expr","locations":[{"start":{"line":101,"column":15},"end":{"line":101,"column":50}},{"start":{"line":101,"column":54},"end":{"line":101,"column":63}}]},"6":{"loc":{"start":{"line":102,"column":20},"end":{"line":102,"column":50}},"type":"binary-expr","locations":[{"start":{"line":102,"column":20},"end":{"line":102,"column":42}},{"start":{"line":102,"column":46},"end":{"line":102,"column":50}}]},"7":{"loc":{"start":{"line":103,"column":25},"end":{"line":103,"column":60}},"type":"binary-expr","locations":[{"start":{"line":103,"column":25},"end":{"line":103,"column":52}},{"start":{"line":103,"column":56},"end":{"line":103,"column":60}}]},"8":{"loc":{"start":{"line":104,"column":25},"end":{"line":104,"column":60}},"type":"binary-expr","locations":[{"start":{"line":104,"column":25},"end":{"line":104,"column":52}},{"start":{"line":104,"column":56},"end":{"line":104,"column":60}}]},"9":{"loc":{"start":{"line":105,"column":18},"end":{"line":105,"column":47}},"type":"binary-expr","locations":[{"start":{"line":105,"column":18},"end":{"line":105,"column":39}},{"start":{"line":105,"column":43},"end":{"line":105,"column":47}}]},"10":{"loc":{"start":{"line":119,"column":6},"end":{"line":119,"column":60}},"type":"binary-expr","locations":[{"start":{"line":119,"column":6},"end":{"line":119,"column":44}},{"start":{"line":119,"column":48},"end":{"line":119,"column":60}}]},"11":{"loc":{"start":{"line":134,"column":4},"end":{"line":136,"column":5}},"type":"if","locations":[{"start":{"line":134,"column":4},"end":{"line":136,"column":5}}]},"12":{"loc":{"start":{"line":134,"column":8},"end":{"line":134,"column":67}},"type":"binary-expr","locations":[{"start":{"line":134,"column":8},"end":{"line":134,"column":20}},{"start":{"line":134,"column":24},"end":{"line":134,"column":40}},{"start":{"line":134,"column":44},"end":{"line":134,"column":67}}]},"13":{"loc":{"start":{"line":142,"column":20},"end":{"line":144,"column":19}},"type":"cond-expr","locations":[{"start":{"line":143,"column":10},"end":{"line":143,"column":47}},{"start":{"line":144,"column":10},"end":{"line":144,"column":19}}]},"14":{"loc":{"start":{"line":157,"column":6},"end":{"line":157,"column":60}},"type":"binary-expr","locations":[{"start":{"line":157,"column":6},"end":{"line":157,"column":44}},{"start":{"line":157,"column":48},"end":{"line":157,"column":60}}]},"15":{"loc":{"start":{"line":159,"column":4},"end":{"line":164,"column":5}},"type":"if","locations":[{"start":{"line":159,"column":4},"end":{"line":164,"column":5}}]},"16":{"loc":{"start":{"line":167,"column":6},"end":{"line":168,"column":43}},"type":"binary-expr","locations":[{"start":{"line":167,"column":6},"end":{"line":167,"column":62}},{"start":{"line":168,"column":6},"end":{"line":168,"column":43}}]},"17":{"loc":{"start":{"line":182,"column":12},"end":{"line":192,"column":14}},"type":"cond-expr","locations":[{"start":{"line":183,"column":12},"end":{"line":191,"column":null}},{"start":{"line":192,"column":12},"end":{"line":192,"column":14}}]},"18":{"loc":{"start":{"line":204,"column":4},"end":{"line":208,"column":5}},"type":"if","locations":[{"start":{"line":204,"column":4},"end":{"line":208,"column":5}}]},"19":{"loc":{"start":{"line":204,"column":8},"end":{"line":204,"column":44}},"type":"binary-expr","locations":[{"start":{"line":204,"column":8},"end":{"line":204,"column":20}},{"start":{"line":204,"column":24},"end":{"line":204,"column":44}}]},"20":{"loc":{"start":{"line":229,"column":20},"end":{"line":229,"column":42}},"type":"binary-expr","locations":[{"start":{"line":229,"column":20},"end":{"line":229,"column":36}},{"start":{"line":229,"column":40},"end":{"line":229,"column":42}}]},"21":{"loc":{"start":{"line":231,"column":19},"end":{"line":231,"column":41}},"type":"binary-expr","locations":[{"start":{"line":231,"column":19},"end":{"line":231,"column":27}},{"start":{"line":231,"column":31},"end":{"line":231,"column":41}}]},"22":{"loc":{"start":{"line":232,"column":4},"end":{"line":232,"column":33}},"type":"if","locations":[{"start":{"line":232,"column":4},"end":{"line":232,"column":33}}]},"23":{"loc":{"start":{"line":236,"column":15},"end":{"line":236,"column":61}},"type":"binary-expr","locations":[{"start":{"line":236,"column":15},"end":{"line":236,"column":48}},{"start":{"line":236,"column":52},"end":{"line":236,"column":61}}]},"24":{"loc":{"start":{"line":237,"column":20},"end":{"line":237,"column":48}},"type":"binary-expr","locations":[{"start":{"line":237,"column":20},"end":{"line":237,"column":40}},{"start":{"line":237,"column":44},"end":{"line":237,"column":48}}]},"25":{"loc":{"start":{"line":238,"column":25},"end":{"line":238,"column":58}},"type":"binary-expr","locations":[{"start":{"line":238,"column":25},"end":{"line":238,"column":50}},{"start":{"line":238,"column":54},"end":{"line":238,"column":58}}]},"26":{"loc":{"start":{"line":239,"column":25},"end":{"line":239,"column":58}},"type":"binary-expr","locations":[{"start":{"line":239,"column":25},"end":{"line":239,"column":50}},{"start":{"line":239,"column":54},"end":{"line":239,"column":58}}]},"27":{"loc":{"start":{"line":240,"column":18},"end":{"line":240,"column":45}},"type":"binary-expr","locations":[{"start":{"line":240,"column":18},"end":{"line":240,"column":37}},{"start":{"line":240,"column":41},"end":{"line":240,"column":45}}]}},"s":{"0":0,"1":0,"2":0,"3":0,"4":0,"5":0,"6":0,"7":0,"8":0,"9":0,"10":0,"11":0,"12":0,"13":0,"14":0,"15":0,"16":0,"17":0,"18":0,"19":0,"20":0,"21":0,"22":0,"23":0,"24":0,"25":0,"26":0,"27":0,"28":0,"29":0,"30":0,"31":0,"32":0,"33":0,"34":0,"35":0,"36":0,"37":0,"38":0,"39":0,"40":0,"41":0,"42":0,"43":0,"44":0,"45":0,"46":0,"47":0,"48":0,"49":0,"50":0,"51":0,"52":0,"53":0,"54":0,"55":0,"56":0,"57":0,"58":0,"59":0,"60":0,"61":0,"62":0,"63":0},"f":{"0":0,"1":0,"2":0,"3":0,"4":0,"5":0,"6":0,"7":0,"8":0,"9":0,"10":0,"11":0},"b":{"0":[0,0],"1":[0],"2":[0,0,0],"3":[0],"4":[0,0],"5":[0,0],"6":[0,0],"7":[0,0],"8":[0,0],"9":[0,0],"10":[0,0],"11":[0],"12":[0,0,0],"13":[0,0],"14":[0,0],"15":[0],"16":[0,0],"17":[0,0],"18":[0],"19":[0,0],"20":[0,0],"21":[0,0],"22":[0],"23":[0,0],"24":[0,0],"25":[0,0],"26":[0,0],"27":[0,0]}}
,"/Users/Gabriel Sousa De Aquino/Coding/gaqno-development-workspace/gaqno-dropshipping-service/src/messaging/messaging.module.ts": {"path":"/Users/Gabriel Sousa De Aquino/Coding/gaqno-development-workspace/gaqno-dropshipping-service/src/messaging/messaging.module.ts","statementMap":{"0":{"start":{"line":1,"column":0},"end":{"line":1,"column":null}},"1":{"start":{"line":8,"column":0},"end":{"line":8,"column":47}},"2":{"start":{"line":9,"column":0},"end":{"line":9,"column":31}},"3":{"start":{"line":10,"column":0},"end":{"line":10,"column":58}},"4":{"start":{"line":12,"column":13},"end":{"line":12,"column":67}},"5":{"start":{"line":19,"column":17},"end":{"line":19,"column":29}},"6":{"start":{"line":20,"column":2},"end":{"line":24,"column":4}},"7":{"start":{"line":51,"column":28},"end":{"line":65,"column":null}},"8":{"start":{"line":52,"column":28},"end":{"line":52,"column":60}},"9":{"start":{"line":54,"column":54},"end":{"line":54,"column":61}},"10":{"start":{"line":57,"column":4},"end":{"line":63,"column":5}},"11":{"start":{"line":58,"column":6},"end":{"line":58,"column":31}},"12":{"start":{"line":60,"column":6},"end":{"line":62,"column":8}},"13":{"start":{"line":51,"column":13},"end":{"line":51,"column":28}},"14":{"start":{"line":51,"column":13},"end":{"line":65,"column":null}},"15":{"start":{"line":35,"column":10},"end":{"line":35,"column":69}},"16":{"start":{"line":36,"column":8},"end":{"line":44,"column":11}}},"fnMap":{"0":{"name":"parseRedisConnection","decl":{"start":{"line":14,"column":9},"end":{"line":14,"column":29}},"loc":{"start":{"line":14,"column":41},"end":{"line":25,"column":1}}},"1":{"name":"(anonymous_5)","decl":{"start":{"line":54,"column":2},"end":{"line":54,"column":15}},"loc":{"start":{"line":54,"column":66},"end":{"line":54,"column":70}}},"2":{"name":"(anonymous_6)","decl":{"start":{"line":56,"column":2},"end":{"line":56,"column":7}},"loc":{"start":{"line":56,"column":23},"end":{"line":64,"column":3}}},"3":{"name":"(anonymous_7)","decl":{"start":{"line":33,"column":18},"end":{"line":33,"column":19}},"loc":{"start":{"line":33,"column":44},"end":{"line":45,"column":7}}}},"branchMap":{"0":{"loc":{"start":{"line":22,"column":10},"end":{"line":22,"column":37}},"type":"binary-expr","locations":[{"start":{"line":22,"column":10},"end":{"line":22,"column":29}},{"start":{"line":22,"column":33},"end":{"line":22,"column":37}}]},"1":{"loc":{"start":{"line":23,"column":14},"end":{"line":23,"column":42}},"type":"binary-expr","locations":[{"start":{"line":23,"column":14},"end":{"line":23,"column":29}},{"start":{"line":23,"column":33},"end":{"line":23,"column":42}}]},"2":{"loc":{"start":{"line":61,"column":34},"end":{"line":61,"column":88}},"type":"cond-expr","locations":[{"start":{"line":61,"column":59},"end":{"line":61,"column":72}},{"start":{"line":61,"column":75},"end":{"line":61,"column":88}}]},"3":{"loc":{"start":{"line":35,"column":10},"end":{"line":35,"column":69}},"type":"binary-expr","locations":[{"start":{"line":35,"column":10},"end":{"line":35,"column":41}},{"start":{"line":35,"column":45},"end":{"line":35,"column":69}}]}},"s":{"0":0,"1":0,"2":0,"3":0,"4":0,"5":0,"6":0,"7":0,"8":0,"9":0,"10":0,"11":0,"12":0,"13":0,"14":0,"15":0,"16":0},"f":{"0":0,"1":0,"2":0,"3":0},"b":{"0":[0,0],"1":[0,0],"2":[0,0],"3":[0,0]}}
,"/Users/Gabriel Sousa De Aquino/Coding/gaqno-development-workspace/gaqno-dropshipping-service/src/messaging/order-flow.processor.ts": {"path":"/Users/Gabriel Sousa De Aquino/Coding/gaqno-development-workspace/gaqno-dropshipping-service/src/messaging/order-flow.processor.ts","statementMap":{"0":{"start":{"line":1,"column":0},"end":{"line":1,"column":null}},"1":{"start":{"line":7,"column":0},"end":{"line":7,"column":47}},"2":{"start":{"line":8,"column":0},"end":{"line":8,"column":37}},"3":{"start":{"line":9,"column":0},"end":{"line":9,"column":33}},"4":{"start":{"line":10,"column":0},"end":{"line":10,"column":63}},"5":{"start":{"line":11,"column":0},"end":{"line":11,"column":72}},"6":{"start":{"line":12,"column":0},"end":{"line":12,"column":60}},"7":{"start":{"line":13,"column":0},"end":{"line":13,"column":57}},"8":{"start":{"line":17,"column":31},"end":{"line":145,"column":null}},"9":{"start":{"line":18,"column":28},"end":{"line":18,"column":63}},"10":{"start":{"line":22,"column":21},"end":{"line":22,"column":29}},"11":{"start":{"line":23,"column":21},"end":{"line":23,"column":40}},"12":{"start":{"line":24,"column":21},"end":{"line":24,"column":32}},"13":{"start":{"line":29,"column":6},"end":{"line":29,"column":70}},"14":{"start":{"line":30,"column":19},"end":{"line":30,"column":36}},"15":{"start":{"line":32,"column":4},"end":{"line":45,"column":6}},"16":{"start":{"line":34,"column":47},"end":{"line":34,"column":69}},"17":{"start":{"line":47,"column":4},"end":{"line":51,"column":7}},"18":{"start":{"line":48,"column":6},"end":{"line":50,"column":8}},"19":{"start":{"line":53,"column":4},"end":{"line":55,"column":7}},"20":{"start":{"line":54,"column":6},"end":{"line":54,"column":49}},"21":{"start":{"line":59,"column":4},"end":{"line":61,"column":5}},"22":{"start":{"line":60,"column":6},"end":{"line":60,"column":32}},"23":{"start":{"line":65,"column":37},"end":{"line":65,"column":45}},"24":{"start":{"line":66,"column":4},"end":{"line":66,"column":78}},"25":{"start":{"line":68,"column":4},"end":{"line":121,"column":5}},"26":{"start":{"line":69,"column":26},"end":{"line":77,"column":8}},"27":{"start":{"line":79,"column":6},"end":{"line":87,"column":7}},"28":{"start":{"line":80,"column":8},"end":{"line":83,"column":10}},"29":{"start":{"line":84,"column":8},"end":{"line":86,"column":10}},"30":{"start":{"line":89,"column":25},"end":{"line":89,"column":54}},"31":{"start":{"line":91,"column":6},"end":{"line":99,"column":39}},"32":{"start":{"line":101,"column":6},"end":{"line":106,"column":9}},"33":{"start":{"line":108,"column":6},"end":{"line":112,"column":39}},"34":{"start":{"line":114,"column":6},"end":{"line":116,"column":8}},"35":{"start":{"line":118,"column":22},"end":{"line":118,"column":76}},"36":{"start":{"line":119,"column":6},"end":{"line":119,"column":50}},"37":{"start":{"line":120,"column":6},"end":{"line":120,"column":18}},"38":{"start":{"line":128,"column":4},"end":{"line":136,"column":37}},"39":{"start":{"line":138,"column":4},"end":{"line":143,"column":7}},"40":{"start":{"line":17,"column":13},"end":{"line":17,"column":31}},"41":{"start":{"line":17,"column":13},"end":{"line":145,"column":null}}},"fnMap":{"0":{"name":"(anonymous_2)","decl":{"start":{"line":21,"column":2},"end":{"line":21,"column":null}},"loc":{"start":{"line":24,"column":47},"end":{"line":25,"column":6}}},"1":{"name":"(anonymous_3)","decl":{"start":{"line":27,"column":2},"end":{"line":27,"column":14}},"loc":{"start":{"line":27,"column":14},"end":{"line":56,"column":3}}},"2":{"name":"(anonymous_4)","decl":{"start":{"line":34,"column":6},"end":{"line":34,"column":11}},"loc":{"start":{"line":34,"column":47},"end":{"line":34,"column":69}}},"3":{"name":"(anonymous_5)","decl":{"start":{"line":47,"column":29},"end":{"line":47,"column":30}},"loc":{"start":{"line":47,"column":42},"end":{"line":51,"column":5}}},"4":{"name":"(anonymous_6)","decl":{"start":{"line":53,"column":32},"end":{"line":53,"column":33}},"loc":{"start":{"line":53,"column":40},"end":{"line":55,"column":5}}},"5":{"name":"(anonymous_7)","decl":{"start":{"line":58,"column":2},"end":{"line":58,"column":7}},"loc":{"start":{"line":58,"column":23},"end":{"line":62,"column":3}}},"6":{"name":"(anonymous_8)","decl":{"start":{"line":64,"column":10},"end":{"line":64,"column":15}},"loc":{"start":{"line":64,"column":58},"end":{"line":122,"column":3}}},"7":{"name":"(anonymous_9)","decl":{"start":{"line":124,"column":10},"end":{"line":124,"column":15}},"loc":{"start":{"line":126,"column":24},"end":{"line":144,"column":3}}}},"branchMap":{"0":{"loc":{"start":{"line":29,"column":6},"end":{"line":29,"column":70}},"type":"binary-expr","locations":[{"start":{"line":29,"column":6},"end":{"line":29,"column":42}},{"start":{"line":29,"column":46},"end":{"line":29,"column":70}}]},"1":{"loc":{"start":{"line":38,"column":16},"end":{"line":38,"column":43}},"type":"binary-expr","locations":[{"start":{"line":38,"column":16},"end":{"line":38,"column":35}},{"start":{"line":38,"column":39},"end":{"line":38,"column":43}}]},"2":{"loc":{"start":{"line":39,"column":20},"end":{"line":39,"column":48}},"type":"binary-expr","locations":[{"start":{"line":39,"column":20},"end":{"line":39,"column":35}},{"start":{"line":39,"column":39},"end":{"line":39,"column":48}}]},"3":{"loc":{"start":{"line":59,"column":4},"end":{"line":61,"column":5}},"type":"if","locations":[{"start":{"line":59,"column":4},"end":{"line":61,"column":5}}]},"4":{"loc":{"start":{"line":79,"column":6},"end":{"line":87,"column":7}},"type":"if","locations":[{"start":{"line":79,"column":6},"end":{"line":87,"column":7}}]},"5":{"loc":{"start":{"line":89,"column":25},"end":{"line":89,"column":54}},"type":"binary-expr","locations":[{"start":{"line":89,"column":25},"end":{"line":89,"column":48}},{"start":{"line":89,"column":52},"end":{"line":89,"column":54}}]},"6":{"loc":{"start":{"line":118,"column":22},"end":{"line":118,"column":76}},"type":"cond-expr","locations":[{"start":{"line":118,"column":47},"end":{"line":118,"column":60}},{"start":{"line":118,"column":63},"end":{"line":118,"column":76}}]}},"s":{"0":0,"1":0,"2":0,"3":0,"4":0,"5":0,"6":0,"7":0,"8":0,"9":0,"10":0,"11":0,"12":0,"13":0,"14":0,"15":0,"16":0,"17":0,"18":0,"19":0,"20":0,"21":0,"22":0,"23":0,"24":0,"25":0,"26":0,"27":0,"28":0,"29":0,"30":0,"31":0,"32":0,"33":0,"34":0,"35":0,"36":0,"37":0,"38":0,"39":0,"40":0,"41":0},"f":{"0":0,"1":0,"2":0,"3":0,"4":0,"5":0,"6":0,"7":0},"b":{"0":[0,0],"1":[0,0],"2":[0,0],"3":[0],"4":[0],"5":[0,0],"6":[0,0]}}
,"/Users/Gabriel Sousa De Aquino/Coding/gaqno-development-workspace/gaqno-dropshipping-service/src/order-flow/order-flow.module.ts": {"path":"/Users/Gabriel Sousa De Aquino/Coding/gaqno-development-workspace/gaqno-dropshipping-service/src/order-flow/order-flow.module.ts","statementMap":{"0":{"start":{"line":1,"column":0},"end":{"line":1,"column":52}},"1":{"start":{"line":2,"column":0},"end":{"line":2,"column":59}},"2":{"start":{"line":3,"column":0},"end":{"line":3,"column":74}},"3":{"start":{"line":4,"column":0},"end":{"line":4,"column":73}},"4":{"start":{"line":5,"column":0},"end":{"line":5,"column":70}},"5":{"start":{"line":6,"column":0},"end":{"line":6,"column":58}},"6":{"start":{"line":17,"column":7},"end":{"line":17,"column":null}},"7":{"start":{"line":17,"column":13},"end":{"line":17,"column":28}},"8":{"start":{"line":17,"column":13},"end":{"line":17,"column":null}},"9":{"start":{"line":10,"column":21},"end":{"line":10,"column":38}}},"fnMap":{"0":{"name":"(anonymous_1)","decl":{"start":{"line":10,"column":15},"end":{"line":10,"column":18}},"loc":{"start":{"line":10,"column":21},"end":{"line":10,"column":38}}}},"branchMap":{},"s":{"0":0,"1":0,"2":0,"3":0,"4":0,"5":0,"6":0,"7":0,"8":0,"9":0},"f":{"0":0},"b":{}}
,"/Users/Gabriel Sousa De Aquino/Coding/gaqno-development-workspace/gaqno-dropshipping-service/src/order-flow/order-flow.service.ts": {"path":"/Users/Gabriel Sousa De Aquino/Coding/gaqno-development-workspace/gaqno-dropshipping-service/src/order-flow/order-flow.service.ts","statementMap":{"0":{"start":{"line":1,"column":0},"end":{"line":1,"column":60}},"1":{"start":{"line":2,"column":0},"end":{"line":2,"column":31}},"2":{"start":{"line":3,"column":0},"end":{"line":3,"column":33}},"3":{"start":{"line":4,"column":0},"end":{"line":4,"column":75}},"4":{"start":{"line":5,"column":0},"end":{"line":5,"column":60}},"5":{"start":{"line":6,"column":0},"end":{"line":6,"column":null}},"6":{"start":{"line":25,"column":29},"end":{"line":200,"column":null}},"7":{"start":{"line":26,"column":28},"end":{"line":26,"column":61}},"8":{"start":{"line":29,"column":44},"end":{"line":29,"column":56}},"9":{"start":{"line":30,"column":21},"end":{"line":30,"column":32}},"10":{"start":{"line":31,"column":21},"end":{"line":31,"column":32}},"11":{"start":{"line":35,"column":24},"end":{"line":35,"column":74}},"12":{"start":{"line":37,"column":4},"end":{"line":43,"column":7}},"13":{"start":{"line":45,"column":4},"end":{"line":50,"column":5}},"14":{"start":{"line":46,"column":6},"end":{"line":48,"column":8}},"15":{"start":{"line":49,"column":6},"end":{"line":49,"column":13}},"16":{"start":{"line":52,"column":21},"end":{"line":57,"column":15}},"17":{"start":{"line":59,"column":4},"end":{"line":62,"column":5}},"18":{"start":{"line":60,"column":6},"end":{"line":60,"column":73}},"19":{"start":{"line":61,"column":6},"end":{"line":61,"column":13}},"20":{"start":{"line":64,"column":23},"end":{"line":70,"column":18}},"21":{"start":{"line":72,"column":41},"end":{"line":78,"column":6}},"22":{"start":{"line":80,"column":4},"end":{"line":82,"column":7}},"23":{"start":{"line":84,"column":4},"end":{"line":86,"column":6}},"24":{"start":{"line":90,"column":24},"end":{"line":90,"column":74}},"25":{"start":{"line":92,"column":4},"end":{"line":100,"column":5}},"26":{"start":{"line":93,"column":6},"end":{"line":98,"column":7}},"27":{"start":{"line":97,"column":8},"end":{"line":97,"column":68}},"28":{"start":{"line":99,"column":6},"end":{"line":99,"column":13}},"29":{"start":{"line":102,"column":20},"end":{"line":104,"column":null}},"30":{"start":{"line":106,"column":4},"end":{"line":106,"column":25}},"31":{"start":{"line":106,"column":18},"end":{"line":106,"column":25}},"32":{"start":{"line":108,"column":4},"end":{"line":108,"column":42}},"33":{"start":{"line":108,"column":35},"end":{"line":108,"column":42}},"34":{"start":{"line":110,"column":4},"end":{"line":114,"column":42}},"35":{"start":{"line":116,"column":18},"end":{"line":120,"column":50}},"36":{"start":{"line":122,"column":4},"end":{"line":161,"column":5}},"37":{"start":{"line":123,"column":26},"end":{"line":128,"column":17}},"38":{"start":{"line":130,"column":6},"end":{"line":130,"column":31}},"39":{"start":{"line":130,"column":22},"end":{"line":130,"column":31}},"40":{"start":{"line":132,"column":24},"end":{"line":143,"column":20}},"41":{"start":{"line":145,"column":43},"end":{"line":152,"column":8}},"42":{"start":{"line":154,"column":6},"end":{"line":156,"column":9}},"43":{"start":{"line":158,"column":6},"end":{"line":160,"column":8}},"44":{"start":{"line":168,"column":21},"end":{"line":173,"column":15}},"45":{"start":{"line":175,"column":4},"end":{"line":175,"column":30}},"46":{"start":{"line":175,"column":16},"end":{"line":175,"column":30}},"47":{"start":{"line":177,"column":4},"end":{"line":185,"column":5}},"48":{"start":{"line":178,"column":22},"end":{"line":183,"column":17}},"49":{"start":{"line":184,"column":6},"end":{"line":184,"column":27}},"50":{"start":{"line":187,"column":4},"end":{"line":187,"column":16}},"51":{"start":{"line":194,"column":4},"end":{"line":198,"column":52}},"52":{"start":{"line":25,"column":13},"end":{"line":25,"column":29}},"53":{"start":{"line":25,"column":13},"end":{"line":200,"column":null}}},"fnMap":{"0":{"name":"(anonymous_4)","decl":{"start":{"line":28,"column":2},"end":{"line":28,"column":null}},"loc":{"start":{"line":31,"column":47},"end":{"line":32,"column":6}}},"1":{"name":"(anonymous_5)","decl":{"start":{"line":34,"column":2},"end":{"line":34,"column":7}},"loc":{"start":{"line":34,"column":53},"end":{"line":87,"column":3}}},"2":{"name":"(anonymous_6)","decl":{"start":{"line":89,"column":2},"end":{"line":89,"column":7}},"loc":{"start":{"line":89,"column":51},"end":{"line":162,"column":3}}},"3":{"name":"(anonymous_7)","decl":{"start":{"line":164,"column":10},"end":{"line":164,"column":15}},"loc":{"start":{"line":166,"column":36},"end":{"line":188,"column":3}}},"4":{"name":"(anonymous_8)","decl":{"start":{"line":190,"column":10},"end":{"line":190,"column":15}},"loc":{"start":{"line":192,"column":36},"end":{"line":199,"column":3}}}},"branchMap":{"0":{"loc":{"start":{"line":45,"column":4},"end":{"line":50,"column":5}},"type":"if","locations":[{"start":{"line":45,"column":4},"end":{"line":50,"column":5}}]},"1":{"loc":{"start":{"line":59,"column":4},"end":{"line":62,"column":5}},"type":"if","locations":[{"start":{"line":59,"column":4},"end":{"line":62,"column":5}}]},"2":{"loc":{"start":{"line":68,"column":23},"end":{"line":68,"column":57}},"type":"binary-expr","locations":[{"start":{"line":68,"column":23},"end":{"line":68,"column":52}},{"start":{"line":68,"column":56},"end":{"line":68,"column":57}}]},"3":{"loc":{"start":{"line":76,"column":14},"end":{"line":76,"column":48}},"type":"binary-expr","locations":[{"start":{"line":76,"column":14},"end":{"line":76,"column":43}},{"start":{"line":76,"column":47},"end":{"line":76,"column":48}}]},"4":{"loc":{"start":{"line":92,"column":4},"end":{"line":100,"column":5}},"type":"if","locations":[{"start":{"line":92,"column":4},"end":{"line":100,"column":5}}]},"5":{"loc":{"start":{"line":93,"column":6},"end":{"line":98,"column":7}},"type":"if","locations":[{"start":{"line":93,"column":6},"end":{"line":98,"column":7}}]},"6":{"loc":{"start":{"line":94,"column":8},"end":{"line":95,"column":41}},"type":"binary-expr","locations":[{"start":{"line":94,"column":8},"end":{"line":94,"column":42}},{"start":{"line":95,"column":8},"end":{"line":95,"column":41}}]},"7":{"loc":{"start":{"line":106,"column":4},"end":{"line":106,"column":25}},"type":"if","locations":[{"start":{"line":106,"column":4},"end":{"line":106,"column":25}}]},"8":{"loc":{"start":{"line":108,"column":4},"end":{"line":108,"column":42}},"type":"if","locations":[{"start":{"line":108,"column":4},"end":{"line":108,"column":42}}]},"9":{"loc":{"start":{"line":130,"column":6},"end":{"line":130,"column":31}},"type":"if","locations":[{"start":{"line":130,"column":6},"end":{"line":130,"column":31}}]},"10":{"loc":{"start":{"line":175,"column":4},"end":{"line":175,"column":30}},"type":"if","locations":[{"start":{"line":175,"column":4},"end":{"line":175,"column":30}}]},"11":{"loc":{"start":{"line":177,"column":4},"end":{"line":185,"column":5}},"type":"if","locations":[{"start":{"line":177,"column":4},"end":{"line":185,"column":5}}]},"12":{"loc":{"start":{"line":184,"column":13},"end":{"line":184,"column":26}},"type":"binary-expr","locations":[{"start":{"line":184,"column":13},"end":{"line":184,"column":18}},{"start":{"line":184,"column":22},"end":{"line":184,"column":26}}]}},"s":{"0":0,"1":0,"2":0,"3":0,"4":0,"5":0,"6":0,"7":0,"8":0,"9":0,"10":0,"11":0,"12":0,"13":0,"14":0,"15":0,"16":0,"17":0,"18":0,"19":0,"20":0,"21":0,"22":0,"23":0,"24":0,"25":0,"26":0,"27":0,"28":0,"29":0,"30":0,"31":0,"32":0,"33":0,"34":0,"35":0,"36":0,"37":0,"38":0,"39":0,"40":0,"41":0,"42":0,"43":0,"44":0,"45":0,"46":0,"47":0,"48":0,"49":0,"50":0,"51":0,"52":0,"53":0},"f":{"0":0,"1":0,"2":0,"3":0,"4":0},"b":{"0":[0],"1":[0],"2":[0,0],"3":[0,0],"4":[0],"5":[0],"6":[0,0],"7":[0],"8":[0],"9":[0],"10":[0],"11":[0],"12":[0,0]}}
,"/Users/Gabriel Sousa De Aquino/Coding/gaqno-development-workspace/gaqno-dropshipping-service/src/orders/orders.controller.ts": {"path":"/Users/Gabriel Sousa De Aquino/Coding/gaqno-development-workspace/gaqno-dropshipping-service/src/orders/orders.controller.ts","statementMap":{"0":{"start":{"line":1,"column":0},"end":{"line":1,"column":56}},"1":{"start":{"line":2,"column":0},"end":{"line":2,"column":52}},"2":{"start":{"line":5,"column":7},"end":{"line":17,"column":null}},"3":{"start":{"line":6,"column":31},"end":{"line":6,"column":46}},"4":{"start":{"line":10,"column":4},"end":{"line":10,"column":37}},"5":{"start":{"line":15,"column":4},"end":{"line":15,"column":42}},"6":{"start":{"line":5,"column":13},"end":{"line":5,"column":29}},"7":{"start":{"line":9,"column":8},"end":{"line":11,"column":null}},"8":{"start":{"line":14,"column":8},"end":{"line":16,"column":null}},"9":{"start":{"line":5,"column":13},"end":{"line":17,"column":null}}},"fnMap":{"0":{"name":"(anonymous_4)","decl":{"start":{"line":6,"column":2},"end":{"line":6,"column":31}},"loc":{"start":{"line":6,"column":59},"end":{"line":6,"column":63}}},"1":{"name":"(anonymous_5)","decl":{"start":{"line":9,"column":2},"end":{"line":9,"column":7}},"loc":{"start":{"line":9,"column":12},"end":{"line":11,"column":3}}},"2":{"name":"(anonymous_6)","decl":{"start":{"line":14,"column":2},"end":{"line":14,"column":7}},"loc":{"start":{"line":14,"column":39},"end":{"line":16,"column":3}}}},"branchMap":{},"s":{"0":0,"1":0,"2":0,"3":0,"4":0,"5":0,"6":0,"7":0,"8":0,"9":0},"f":{"0":0,"1":0,"2":0},"b":{}}
,"/Users/Gabriel Sousa De Aquino/Coding/gaqno-development-workspace/gaqno-dropshipping-service/src/orders/orders.module.ts": {"path":"/Users/Gabriel Sousa De Aquino/Coding/gaqno-development-workspace/gaqno-dropshipping-service/src/orders/orders.module.ts","statementMap":{"0":{"start":{"line":1,"column":0},"end":{"line":1,"column":40}},"1":{"start":{"line":2,"column":0},"end":{"line":2,"column":58}},"2":{"start":{"line":3,"column":0},"end":{"line":3,"column":52}},"3":{"start":{"line":9,"column":7},"end":{"line":9,"column":null}},"4":{"start":{"line":9,"column":13},"end":{"line":9,"column":25}},"5":{"start":{"line":9,"column":13},"end":{"line":9,"column":null}}},"fnMap":{},"branchMap":{},"s":{"0":0,"1":0,"2":0,"3":0,"4":0,"5":0},"f":{},"b":{}}
,"/Users/Gabriel Sousa De Aquino/Coding/gaqno-development-workspace/gaqno-dropshipping-service/src/orders/orders.service.ts": {"path":"/Users/Gabriel Sousa De Aquino/Coding/gaqno-development-workspace/gaqno-dropshipping-service/src/orders/orders.service.ts","statementMap":{"0":{"start":{"line":1,"column":0},"end":{"line":1,"column":63}},"1":{"start":{"line":2,"column":0},"end":{"line":2,"column":39}},"2":{"start":{"line":3,"column":0},"end":{"line":3,"column":60}},"3":{"start":{"line":4,"column":0},"end":{"line":4,"column":47}},"4":{"start":{"line":7,"column":7},"end":{"line":29,"column":null}},"5":{"start":{"line":8,"column":31},"end":{"line":8,"column":35}},"6":{"start":{"line":11,"column":4},"end":{"line":15,"column":39}},"7":{"start":{"line":19,"column":20},"end":{"line":24,"column":15}},"8":{"start":{"line":26,"column":4},"end":{"line":26,"column":69}},"9":{"start":{"line":26,"column":16},"end":{"line":26,"column":69}},"10":{"start":{"line":27,"column":4},"end":{"line":27,"column":17}},"11":{"start":{"line":7,"column":13},"end":{"line":7,"column":26}},"12":{"start":{"line":7,"column":13},"end":{"line":29,"column":null}}},"fnMap":{"0":{"name":"(anonymous_2)","decl":{"start":{"line":8,"column":2},"end":{"line":8,"column":31}},"loc":{"start":{"line":8,"column":50},"end":{"line":8,"column":54}}},"1":{"name":"(anonymous_3)","decl":{"start":{"line":10,"column":2},"end":{"line":10,"column":7}},"loc":{"start":{"line":10,"column":12},"end":{"line":16,"column":3}}},"2":{"name":"(anonymous_4)","decl":{"start":{"line":18,"column":2},"end":{"line":18,"column":7}},"loc":{"start":{"line":18,"column":26},"end":{"line":28,"column":3}}}},"branchMap":{"0":{"loc":{"start":{"line":26,"column":4},"end":{"line":26,"column":69}},"type":"if","locations":[{"start":{"line":26,"column":4},"end":{"line":26,"column":69}}]}},"s":{"0":0,"1":0,"2":0,"3":0,"4":0,"5":0,"6":0,"7":0,"8":0,"9":0,"10":0,"11":0,"12":0},"f":{"0":0,"1":0,"2":0},"b":{"0":[0]}}
,"/Users/Gabriel Sousa De Aquino/Coding/gaqno-development-workspace/gaqno-dropshipping-service/src/products/product-mapper.service.ts": {"path":"/Users/Gabriel Sousa De Aquino/Coding/gaqno-development-workspace/gaqno-dropshipping-service/src/products/product-mapper.service.ts","statementMap":{"0":{"start":{"line":1,"column":0},"end":{"line":1,"column":44}},"1":{"start":{"line":27,"column":51},"end":{"line":34,"column":2}},"2":{"start":{"line":37,"column":2},"end":{"line":37,"column":26}},"3":{"start":{"line":37,"column":16},"end":{"line":37,"column":26}},"4":{"start":{"line":39,"column":2},"end":{"line":52,"column":5}},"5":{"start":{"line":40,"column":34},"end":{"line":40,"column":52}},"6":{"start":{"line":41,"column":4},"end":{"line":43,"column":5}},"7":{"start":{"line":42,"column":6},"end":{"line":42,"column":51}},"8":{"start":{"line":45,"column":24},"end":{"line":45,"column":44}},"9":{"start":{"line":46,"column":25},"end":{"line":46,"column":81}},"10":{"start":{"line":47,"column":19},"end":{"line":47,"column":34}},"11":{"start":{"line":48,"column":17},"end":{"line":48,"column":64}},"12":{"start":{"line":49,"column":21},"end":{"line":49,"column":72}},"13":{"start":{"line":51,"column":4},"end":{"line":51,"column":51}},"14":{"start":{"line":56,"column":7},"end":{"line":104,"column":null}},"15":{"start":{"line":58,"column":36},"end":{"line":63,"column":7}},"16":{"start":{"line":58,"column":63},"end":{"line":63,"column":6}},"17":{"start":{"line":65,"column":20},"end":{"line":65,"column":50}},"18":{"start":{"line":67,"column":4},"end":{"line":74,"column":5}},"19":{"start":{"line":68,"column":6},"end":{"line":73,"column":7}},"20":{"start":{"line":69,"column":8},"end":{"line":71,"column":9}},"21":{"start":{"line":70,"column":10},"end":{"line":70,"column":41}},"22":{"start":{"line":72,"column":8},"end":{"line":72,"column":42}},"23":{"start":{"line":76,"column":22},"end":{"line":76,"column":48}},"24":{"start":{"line":78,"column":50},"end":{"line":83,"column":7}},"25":{"start":{"line":78,"column":75},"end":{"line":83,"column":6}},"26":{"start":{"line":80,"column":67},"end":{"line":82,"column":8}},"27":{"start":{"line":85,"column":34},"end":{"line":100,"column":8}},"28":{"start":{"line":86,"column":23},"end":{"line":86,"column":36}},"29":{"start":{"line":88,"column":26},"end":{"line":93,"column":10}},"30":{"start":{"line":89,"column":28},"end":{"line":89,"column":75}},"31":{"start":{"line":89,"column":55},"end":{"line":89,"column":74}},"32":{"start":{"line":90,"column":10},"end":{"line":90,"column":35}},"33":{"start":{"line":90,"column":26},"end":{"line":90,"column":35}},"34":{"start":{"line":91,"column":26},"end":{"line":91,"column":60}},"35":{"start":{"line":92,"column":10},"end":{"line":92,"column":50}},"36":{"start":{"line":95,"column":8},"end":{"line":99,"column":10}},"37":{"start":{"line":102,"column":4},"end":{"line":102,"column":50}},"38":{"start":{"line":56,"column":13},"end":{"line":56,"column":33}},"39":{"start":{"line":56,"column":13},"end":{"line":104,"column":null}}},"fnMap":{"0":{"name":"parseSkuAttr","decl":{"start":{"line":36,"column":9},"end":{"line":36,"column":21}},"loc":{"start":{"line":36,"column":37},"end":{"line":53,"column":1}}},"1":{"name":"(anonymous_2)","decl":{"start":{"line":39,"column":48},"end":{"line":39,"column":49}},"loc":{"start":{"line":39,"column":60},"end":{"line":52,"column":3}}},"2":{"name":"(anonymous_3)","decl":{"start":{"line":57,"column":2},"end":{"line":57,"column":15}},"loc":{"start":{"line":57,"column":49},"end":{"line":103,"column":3}}},"3":{"name":"(anonymous_4)","decl":{"start":{"line":58,"column":53},"end":{"line":58,"column":54}},"loc":{"start":{"line":58,"column":63},"end":{"line":63,"column":6}}},"4":{"name":"(anonymous_5)","decl":{"start":{"line":78,"column":64},"end":{"line":78,"column":65}},"loc":{"start":{"line":78,"column":75},"end":{"line":83,"column":6}}},"5":{"name":"(anonymous_6)","decl":{"start":{"line":80,"column":54},"end":{"line":80,"column":55}},"loc":{"start":{"line":80,"column":67},"end":{"line":82,"column":8}}},"6":{"name":"(anonymous_7)","decl":{"start":{"line":86,"column":14},"end":{"line":86,"column":15}},"loc":{"start":{"line":86,"column":23},"end":{"line":86,"column":36}}},"7":{"name":"(anonymous_8)","decl":{"start":{"line":87,"column":11},"end":{"line":87,"column":12}},"loc":{"start":{"line":87,"column":19},"end":{"line":100,"column":7}}},"8":{"name":"(anonymous_9)","decl":{"start":{"line":88,"column":40},"end":{"line":88,"column":41}},"loc":{"start":{"line":88,"column":53},"end":{"line":93,"column":9}}},"9":{"name":"(anonymous_10)","decl":{"start":{"line":89,"column":48},"end":{"line":89,"column":49}},"loc":{"start":{"line":89,"column":55},"end":{"line":89,"column":74}}}},"branchMap":{"0":{"loc":{"start":{"line":37,"column":2},"end":{"line":37,"column":26}},"type":"if","locations":[{"start":{"line":37,"column":2},"end":{"line":37,"column":26}}]},"1":{"loc":{"start":{"line":41,"column":4},"end":{"line":43,"column":5}},"type":"if","locations":[{"start":{"line":41,"column":4},"end":{"line":43,"column":5}}]},"2":{"loc":{"start":{"line":46,"column":25},"end":{"line":46,"column":81}},"type":"cond-expr","locations":[{"start":{"line":46,"column":50},"end":{"line":46,"column":64}},{"start":{"line":46,"column":67},"end":{"line":46,"column":81}}]},"3":{"loc":{"start":{"line":48,"column":17},"end":{"line":48,"column":64}},"type":"binary-expr","locations":[{"start":{"line":48,"column":17},"end":{"line":48,"column":43}},{"start":{"line":48,"column":47},"end":{"line":48,"column":64}}]},"4":{"loc":{"start":{"line":49,"column":21},"end":{"line":49,"column":72}},"type":"cond-expr","locations":[{"start":{"line":49,"column":46},"end":{"line":49,"column":60}},{"start":{"line":49,"column":63},"end":{"line":49,"column":72}}]},"5":{"loc":{"start":{"line":69,"column":8},"end":{"line":71,"column":9}},"type":"if","locations":[{"start":{"line":69,"column":8},"end":{"line":71,"column":9}}]},"6":{"loc":{"start":{"line":90,"column":10},"end":{"line":90,"column":35}},"type":"if","locations":[{"start":{"line":90,"column":10},"end":{"line":90,"column":35}}]}},"s":{"0":0,"1":0,"2":0,"3":0,"4":0,"5":0,"6":0,"7":0,"8":0,"9":0,"10":0,"11":0,"12":0,"13":0,"14":0,"15":0,"16":0,"17":0,"18":0,"19":0,"20":0,"21":0,"22":0,"23":0,"24":0,"25":0,"26":0,"27":0,"28":0,"29":0,"30":0,"31":0,"32":0,"33":0,"34":0,"35":0,"36":0,"37":0,"38":0,"39":0},"f":{"0":0,"1":0,"2":0,"3":0,"4":0,"5":0,"6":0,"7":0,"8":0,"9":0},"b":{"0":[0],"1":[0],"2":[0,0],"3":[0,0],"4":[0,0],"5":[0],"6":[0]}}
,"/Users/Gabriel Sousa De Aquino/Coding/gaqno-development-workspace/gaqno-dropshipping-service/src/products/product-preview.service.ts": {"path":"/Users/Gabriel Sousa De Aquino/Coding/gaqno-development-workspace/gaqno-dropshipping-service/src/products/product-preview.service.ts","statementMap":{"0":{"start":{"line":1,"column":0},"end":{"line":1,"column":52}},"1":{"start":{"line":2,"column":0},"end":{"line":2,"column":33}},"2":{"start":{"line":3,"column":0},"end":{"line":3,"column":72}},"3":{"start":{"line":4,"column":0},"end":{"line":4,"column":80}},"4":{"start":{"line":5,"column":0},"end":{"line":5,"column":67}},"5":{"start":{"line":6,"column":0},"end":{"line":6,"column":79}},"6":{"start":{"line":7,"column":0},"end":{"line":7,"column":60}},"7":{"start":{"line":8,"column":0},"end":{"line":8,"column":60}},"8":{"start":{"line":9,"column":0},"end":{"line":9,"column":59}},"9":{"start":{"line":26,"column":34},"end":{"line":131,"column":null}},"10":{"start":{"line":27,"column":28},"end":{"line":27,"column":66}},"11":{"start":{"line":30,"column":21},"end":{"line":30,"column":40}},"12":{"start":{"line":31,"column":21},"end":{"line":31,"column":36}},"13":{"start":{"line":32,"column":21},"end":{"line":32,"column":35}},"14":{"start":{"line":33,"column":21},"end":{"line":33,"column":36}},"15":{"start":{"line":34,"column":21},"end":{"line":34,"column":32}},"16":{"start":{"line":38,"column":25},"end":{"line":38,"column":53}},"17":{"start":{"line":40,"column":23},"end":{"line":40,"column":83}},"18":{"start":{"line":42,"column":4},"end":{"line":47,"column":7}},"19":{"start":{"line":49,"column":23},"end":{"line":49,"column":67}},"20":{"start":{"line":50,"column":27},"end":{"line":50,"column":78}},"21":{"start":{"line":52,"column":20},"end":{"line":68,"column":18}},"22":{"start":{"line":70,"column":4},"end":{"line":79,"column":6}},"23":{"start":{"line":83,"column":22},"end":{"line":88,"column":15}},"24":{"start":{"line":90,"column":4},"end":{"line":92,"column":5}},"25":{"start":{"line":91,"column":6},"end":{"line":91,"column":56}},"26":{"start":{"line":94,"column":23},"end":{"line":94,"column":74}},"27":{"start":{"line":95,"column":25},"end":{"line":95,"column":60}},"28":{"start":{"line":97,"column":19},"end":{"line":110,"column":6}},"29":{"start":{"line":112,"column":4},"end":{"line":120,"column":41}},"30":{"start":{"line":122,"column":4},"end":{"line":127,"column":7}},"31":{"start":{"line":129,"column":4},"end":{"line":129,"column":43}},"32":{"start":{"line":26,"column":13},"end":{"line":26,"column":34}},"33":{"start":{"line":26,"column":13},"end":{"line":131,"column":null}}},"fnMap":{"0":{"name":"(anonymous_2)","decl":{"start":{"line":29,"column":2},"end":{"line":29,"column":null}},"loc":{"start":{"line":34,"column":47},"end":{"line":35,"column":6}}},"1":{"name":"(anonymous_3)","decl":{"start":{"line":37,"column":2},"end":{"line":37,"column":7}},"loc":{"start":{"line":37,"column":33},"end":{"line":80,"column":3}}},"2":{"name":"(anonymous_4)","decl":{"start":{"line":82,"column":2},"end":{"line":82,"column":7}},"loc":{"start":{"line":82,"column":62},"end":{"line":130,"column":3}}}},"branchMap":{"0":{"loc":{"start":{"line":90,"column":4},"end":{"line":92,"column":5}},"type":"if","locations":[{"start":{"line":90,"column":4},"end":{"line":92,"column":5}}]},"1":{"loc":{"start":{"line":99,"column":19},"end":{"line":99,"column":44}},"type":"binary-expr","locations":[{"start":{"line":99,"column":19},"end":{"line":99,"column":38}},{"start":{"line":99,"column":42},"end":{"line":99,"column":44}}]},"2":{"loc":{"start":{"line":102,"column":19},"end":{"line":102,"column":34}},"type":"binary-expr","locations":[{"start":{"line":102,"column":19},"end":{"line":102,"column":29}},{"start":{"line":102,"column":33},"end":{"line":102,"column":34}}]},"3":{"loc":{"start":{"line":105,"column":23},"end":{"line":105,"column":70}},"type":"binary-expr","locations":[{"start":{"line":105,"column":23},"end":{"line":105,"column":64}},{"start":{"line":105,"column":68},"end":{"line":105,"column":70}}]}},"s":{"0":0,"1":0,"2":0,"3":0,"4":0,"5":0,"6":0,"7":0,"8":0,"9":0,"10":0,"11":0,"12":0,"13":0,"14":0,"15":0,"16":0,"17":0,"18":0,"19":0,"20":0,"21":0,"22":0,"23":0,"24":0,"25":0,"26":0,"27":0,"28":0,"29":0,"30":0,"31":0,"32":0,"33":0},"f":{"0":0,"1":0,"2":0},"b":{"0":[0],"1":[0,0],"2":[0,0],"3":[0,0]}}
,"/Users/Gabriel Sousa De Aquino/Coding/gaqno-development-workspace/gaqno-dropshipping-service/src/products/products.controller.ts": {"path":"/Users/Gabriel Sousa De Aquino/Coding/gaqno-development-workspace/gaqno-dropshipping-service/src/products/products.controller.ts","statementMap":{"0":{"start":{"line":1,"column":0},"end":{"line":1,"column":null}},"1":{"start":{"line":9,"column":0},"end":{"line":9,"column":63}},"2":{"start":{"line":10,"column":0},"end":{"line":10,"column":65}},"3":{"start":{"line":11,"column":0},"end":{"line":11,"column":69}},"4":{"start":{"line":14,"column":31},"end":{"line":33,"column":null}},"5":{"start":{"line":15,"column":28},"end":{"line":15,"column":63}},"6":{"start":{"line":17,"column":31},"end":{"line":17,"column":47}},"7":{"start":{"line":22,"column":4},"end":{"line":22,"column":54}},"8":{"start":{"line":28,"column":4},"end":{"line":31,"column":6}},"9":{"start":{"line":14,"column":13},"end":{"line":14,"column":31}},"10":{"start":{"line":21,"column":8},"end":{"line":23,"column":null}},"11":{"start":{"line":27,"column":8},"end":{"line":32,"column":null}},"12":{"start":{"line":14,"column":13},"end":{"line":33,"column":null}}},"fnMap":{"0":{"name":"(anonymous_4)","decl":{"start":{"line":17,"column":2},"end":{"line":17,"column":31}},"loc":{"start":{"line":17,"column":68},"end":{"line":17,"column":72}}},"1":{"name":"(anonymous_5)","decl":{"start":{"line":21,"column":2},"end":{"line":21,"column":7}},"loc":{"start":{"line":21,"column":51},"end":{"line":23,"column":3}}},"2":{"name":"(anonymous_6)","decl":{"start":{"line":27,"column":2},"end":{"line":27,"column":7}},"loc":{"start":{"line":27,"column":53},"end":{"line":32,"column":3}}}},"branchMap":{},"s":{"0":0,"1":0,"2":0,"3":0,"4":0,"5":0,"6":0,"7":0,"8":0,"9":0,"10":0,"11":0,"12":0},"f":{"0":0,"1":0,"2":0},"b":{}}
[...]
,"/Users/Gabriel Sousa De Aquino/Coding/gaqno-development-workspace/gaqno-dropshipping-service/src/storefront/catalog/catalog.module.ts": {"path":"/Users/Gabriel Sousa De Aquino/Coding/gaqno-development-workspace/gaqno-dropshipping-service/src/storefront/catalog/catalog.module.ts","statementMap":{"0":{"start":{"line":1,"column":0},"end":{"line":1,"column":40}},"1":{"start":{"line":2,"column":0},"end":{"line":2,"column":60}},"2":{"start":{"line":3,"column":0},"end":{"line":3,"column":54}},"3":{"start":{"line":10,"column":7},"end":{"line":10,"column":null}},"4":{"start":{"line":10,"column":13},"end":{"line":10,"column":26}},"5":{"start":{"line":10,"column":13},"end":{"line":10,"column":null}}},"fnMap":{},"branchMap":{},"s":{"0":0,"1":0,"2":0,"3":0,"4":0,"5":0},"f":{},"b":{}}
,"/Users/Gabriel Sousa De Aquino/Coding/gaqno-development-workspace/gaqno-dropshipping-service/src/storefront/catalog/catalog.service.ts": {"path":"/Users/Gabriel Sousa De Aquino/Coding/gaqno-development-workspace/gaqno-dropshipping-service/src/storefront/catalog/catalog.service.ts","statementMap":{"0":{"start":{"line":1,"column":0},"end":{"line":1,"column":44}},"1":{"start":{"line":2,"column":0},"end":{"line":2,"column":68}},"2":{"start":{"line":3,"column":0},"end":{"line":3,"column":63}},"3":{"start":{"line":4,"column":0},"end":{"line":4,"column":null}},"4":{"start":{"line":11,"column":7},"end":{"line":139,"column":null}},"5":{"start":{"line":12,"column":31},"end":{"line":12,"column":35}},"6":{"start":{"line":15,"column":4},"end":{"line":20,"column":68}},"7":{"start":{"line":24,"column":23},"end":{"line":31,"column":15}},"8":{"start":{"line":33,"column":4},"end":{"line":33,"column":28}},"9":{"start":{"line":42,"column":23},"end":{"line":42,"column":59}},"10":{"start":{"line":44,"column":4},"end":{"line":46,"column":5}},"11":{"start":{"line":45,"column":6},"end":{"line":45,"column":67}},"12":{"start":{"line":48,"column":4},"end":{"line":52,"column":5}},"13":{"start":{"line":49,"column":6},"end":{"line":51,"column":8}},"14":{"start":{"line":54,"column":18},"end":{"line":54,"column":36}},"15":{"start":{"line":55,"column":19},"end":{"line":55,"column":49}},"16":{"start":{"line":57,"column":32},"end":{"line":71,"column":6}},"17":{"start":{"line":73,"column":4},"end":{"line":79,"column":6}},"18":{"start":{"line":83,"column":4},"end":{"line":94,"column":17}},"19":{"start":{"line":98,"column":22},"end":{"line":105,"column":15}},"20":{"start":{"line":107,"column":4},"end":{"line":107,"column":30}},"21":{"start":{"line":107,"column":18},"end":{"line":107,"column":30}},"22":{"start":{"line":109,"column":19},"end":{"line":109,"column":23}},"23":{"start":{"line":110,"column":4},"end":{"line":118,"column":5}},"24":{"start":{"line":111,"column":20},"end":{"line":116,"column":17}},"25":{"start":{"line":117,"column":6},"end":{"line":117,"column":29}},"26":{"start":{"line":120,"column":4},"end":{"line":120,"column":36}},"27":{"start":{"line":128,"column":21},"end":{"line":128,"column":55}},"28":{"start":{"line":129,"column":4},"end":{"line":129,"column":31}},"29":{"start":{"line":129,"column":19},"end":{"line":129,"column":31}},"30":{"start":{"line":131,"column":19},"end":{"line":135,"column":6}},"31":{"start":{"line":137,"column":4},"end":{"line":137,"column":35}},"32":{"start":{"line":11,"column":13},"end":{"line":11,"column":27}},"33":{"start":{"line":11,"column":13},"end":{"line":139,"column":null}}},"fnMap":{"0":{"name":"(anonymous_2)","decl":{"start":{"line":12,"column":2},"end":{"line":12,"column":31}},"loc":{"start":{"line":12,"column":50},"end":{"line":12,"column":54}}},"1":{"name":"(anonymous_3)","decl":{"start":{"line":14,"column":2},"end":{"line":14,"column":7}},"loc":{"start":{"line":14,"column":28},"end":{"line":21,"column":3}}},"2":{"name":"(anonymous_4)","decl":{"start":{"line":23,"column":2},"end":{"line":23,"column":7}},"loc":{"start":{"line":23,"column":38},"end":{"line":34,"column":3}}},"3":{"name":"(anonymous_5)","decl":{"start":{"line":36,"column":2},"end":{"line":36,"column":7}},"loc":{"start":{"line":41,"column":3},"end":{"line":80,"column":3}}},"4":{"name":"(anonymous_6)","decl":{"start":{"line":82,"column":2},"end":{"line":82,"column":7}},"loc":{"start":{"line":82,"column":27},"end":{"line":95,"column":3}}},"5":{"name":"(anonymous_7)","decl":{"start":{"line":97,"column":2},"end":{"line":97,"column":7}},"loc":{"start":{"line":97,"column":33},"end":{"line":121,"column":3}}},"6":{"name":"(anonymous_8)","decl":{"start":{"line":123,"column":2},"end":{"line":123,"column":7}},"loc":{"start":{"line":126,"column":17},"end":{"line":138,"column":3}}}},"branchMap":{"0":{"loc":{"start":{"line":33,"column":11},"end":{"line":33,"column":27}},"type":"binary-expr","locations":[{"start":{"line":33,"column":11},"end":{"line":33,"column":19}},{"start":{"line":33,"column":23},"end":{"line":33,"column":27}}]},"1":{"loc":{"start":{"line":44,"column":4},"end":{"line":46,"column":5}},"type":"if","locations":[{"start":{"line":44,"column":4},"end":{"line":46,"column":5}}]},"2":{"loc":{"start":{"line":48,"column":4},"end":{"line":52,"column":5}},"type":"if","locations":[{"start":{"line":48,"column":4},"end":{"line":52,"column":5}}]},"3":{"loc":{"start":{"line":75,"column":13},"end":{"line":75,"column":33}},"type":"binary-expr","locations":[{"start":{"line":75,"column":13},"end":{"line":75,"column":28}},{"start":{"line":75,"column":32},"end":{"line":75,"column":33}}]},"4":{"loc":{"start":{"line":78,"column":29},"end":{"line":78,"column":49}},"type":"binary-expr","locations":[{"start":{"line":78,"column":29},"end":{"line":78,"column":44}},{"start":{"line":78,"column":48},"end":{"line":78,"column":49}}]},"5":{"loc":{"start":{"line":107,"column":4},"end":{"line":107,"column":30}},"type":"if","locations":[{"start":{"line":107,"column":4},"end":{"line":107,"column":30}}]},"6":{"loc":{"start":{"line":110,"column":4},"end":{"line":118,"column":5}},"type":"if","locations":[{"start":{"line":110,"column":4},"end":{"line":118,"column":5}}]},"7":{"loc":{"start":{"line":117,"column":17},"end":{"line":117,"column":28}},"type":"binary-expr","locations":[{"start":{"line":117,"column":17},"end":{"line":117,"column":20}},{"start":{"line":117,"column":24},"end":{"line":117,"column":28}}]},"8":{"loc":{"start":{"line":129,"column":4},"end":{"line":129,"column":31}},"type":"if","locations":[{"start":{"line":129,"column":4},"end":{"line":129,"column":31}}]}},"s":{"0":0,"1":0,"2":0,"3":0,"4":0,"5":0,"6":0,"7":0,"8":0,"9":0,"10":0,"11":0,"12":0,"13":0,"14":0,"15":0,"16":0,"17":0,"18":0,"19":0,"20":0,"21":0,"22":0,"23":0,"24":0,"25":0,"26":0,"27":0,"28":0,"29":0,"30":0,"31":0,"32":0,"33":0},"f":{"0":0,"1":0,"2":0,"3":0,"4":0,"5":0,"6":0},"b":{"0":[0,0],"1":[0],"2":[0],"3":[0,0],"4":[0,0],"5":[0],"6":[0],"7":[0,0],"8":[0]}}
,"/Users/Gabriel Sousa De Aquino/Coding/gaqno-development-workspace/gaqno-dropshipping-service/src/storefront/checkout/checkout.controller.ts": {"path":"/Users/Gabriel Sousa De Aquino/Coding/gaqno-development-workspace/gaqno-dropshipping-service/src/storefront/checkout/checkout.controller.ts","statementMap":{"0":{"start":{"line":1,"column":0},"end":{"line":1,"column":null}},"1":{"start":{"line":10,"column":0},"end":{"line":10,"column":56}},"2":{"start":{"line":11,"column":0},"end":{"line":11,"column":69}},"3":{"start":{"line":12,"column":0},"end":{"line":12,"column":67}},"4":{"start":{"line":15,"column":7},"end":{"line":39,"column":null}},"5":{"start":{"line":16,"column":31},"end":{"line":16,"column":48}},"6":{"start":{"line":21,"column":4},"end":{"line":21,"column":49}},"7":{"start":{"line":26,"column":18},"end":{"line":26,"column":61}},"8":{"start":{"line":27,"column":4},"end":{"line":27,"column":69}},"9":{"start":{"line":27,"column":16},"end":{"line":27,"column":69}},"10":{"start":{"line":28,"column":4},"end":{"line":28,"column":17}},"11":{"start":{"line":37,"column":4},"end":{"line":37,"column":71}},"12":{"start":{"line":15,"column":13},"end":{"line":15,"column":31}},"13":{"start":{"line":20,"column":8},"end":{"line":22,"column":null}},"14":{"start":{"line":25,"column":8},"end":{"line":29,"column":null}},"15":{"start":{"line":33,"column":8},"end":{"line":38,"column":null}},"16":{"start":{"line":15,"column":13},"end":{"line":39,"column":null}}},"fnMap":{"0":{"name":"(anonymous_4)","decl":{"start":{"line":16,"column":2},"end":{"line":16,"column":31}},"loc":{"start":{"line":16,"column":63},"end":{"line":16,"column":67}}},"1":{"name":"(anonymous_5)","decl":{"start":{"line":20,"column":2},"end":{"line":20,"column":7}},"loc":{"start":{"line":20,"column":57},"end":{"line":22,"column":3}}},"2":{"name":"(anonymous_6)","decl":{"start":{"line":25,"column":2},"end":{"line":25,"column":7}},"loc":{"start":{"line":25,"column":40},"end":{"line":29,"column":3}}},"3":{"name":"(anonymous_7)","decl":{"start":{"line":33,"column":2},"end":{"line":33,"column":7}},"loc":{"start":{"line":35,"column":35},"end":{"line":38,"column":3}}}},"branchMap":{"0":{"loc":{"start":{"line":27,"column":4},"end":{"line":27,"column":69}},"type":"if","locations":[{"start":{"line":27,"column":4},"end":{"line":27,"column":69}}]}},"s":{"0":0,"1":0,"2":0,"3":0,"4":0,"5":0,"6":0,"7":0,"8":0,"9":0,"10":0,"11":0,"12":0,"13":0,"14":0,"15":0,"16":0},"f":{"0":0,"1":0,"2":0,"3":0},"b":{"0":[0]}}
,"/Users/Gabriel Sousa De Aquino/Coding/gaqno-development-workspace/gaqno-dropshipping-service/src/storefront/checkout/checkout.module.ts": {"path":"/Users/Gabriel Sousa De Aquino/Coding/gaqno-development-workspace/gaqno-dropshipping-service/src/storefront/checkout/checkout.module.ts","statementMap":{"0":{"start":{"line":1,"column":0},"end":{"line":1,"column":40}},"1":{"start":{"line":2,"column":0},"end":{"line":2,"column":76}},"2":{"start":{"line":3,"column":0},"end":{"line":3,"column":62}},"3":{"start":{"line":4,"column":0},"end":{"line":4,"column":56}},"4":{"start":{"line":12,"column":7},"end":{"line":12,"column":null}},"5":{"start":{"line":12,"column":13},"end":{"line":12,"column":27}},"6":{"start":{"line":12,"column":13},"end":{"line":12,"column":null}}},"fnMap":{},"branchMap":{},"s":{"0":0,"1":0,"2":0,"3":0,"4":0,"5":0,"6":0},"f":{},"b":{}}
,"/Users/Gabriel Sousa De Aquino/Coding/gaqno-development-workspace/gaqno-dropshipping-service/src/storefront/checkout/checkout.service.ts": {"path":"/Users/Gabriel Sousa De Aquino/Coding/gaqno-development-workspace/gaqno-dropshipping-service/src/storefront/checkout/checkout.service.ts","statementMap":{"0":{"start":{"line":1,"column":0},"end":{"line":1,"column":null}},"1":{"start":{"line":7,"column":0},"end":{"line":7,"column":42}},"2":{"start":{"line":8,"column":0},"end":{"line":8,"column":63}},"3":{"start":{"line":9,"column":0},"end":{"line":9,"column":78}},"4":{"start":{"line":10,"column":0},"end":{"line":10,"column":null}},"5":{"start":{"line":19,"column":28},"end":{"line":212,"column":null}},"6":{"start":{"line":20,"column":28},"end":{"line":20,"column":60}},"7":{"start":{"line":23,"column":21},"end":{"line":23,"column":25}},"8":{"start":{"line":24,"column":21},"end":{"line":24,"column":32}},"9":{"start":{"line":28,"column":23},"end":{"line":28,"column":58}},"10":{"start":{"line":28,"column":44},"end":{"line":28,"column":57}},"11":{"start":{"line":29,"column":24},"end":{"line":33,"column":48}},"12":{"start":{"line":35,"column":23},"end":{"line":35,"column":65}},"13":{"start":{"line":35,"column":54},"end":{"line":35,"column":63}},"14":{"start":{"line":37,"column":4},"end":{"line":44,"column":5}},"15":{"start":{"line":38,"column":22},"end":{"line":38,"column":54}},"16":{"start":{"line":39,"column":6},"end":{"line":43,"column":7}},"17":{"start":{"line":40,"column":8},"end":{"line":42,"column":10}},"18":{"start":{"line":46,"column":23},"end":{"line":56,"column":6}},"19":{"start":{"line":47,"column":22},"end":{"line":47,"column":55}},"20":{"start":{"line":48,"column":24},"end":{"line":48,"column":59}},"21":{"start":{"line":49,"column":6},"end":{"line":55,"column":8}},"22":{"start":{"line":58,"column":21},"end":{"line":60,"column":null}},"23":{"start":{"line":59,"column":18},"end":{"line":59,"column":49}},"24":{"start":{"line":62,"column":21},"end":{"line":62,"column":22}},"25":{"start":{"line":63,"column":18},"end":{"line":63,"column":37}},"26":{"start":{"line":65,"column":20},"end":{"line":79,"column":18}},"27":{"start":{"line":81,"column":4},"end":{"line":89,"column":8}},"28":{"start":{"line":85,"column":34},"end":{"line":88,"column":10}},"29":{"start":{"line":91,"column":4},"end":{"line":91,"column":57}},"30":{"start":{"line":95,"column":20},"end":{"line":100,"column":15}},"31":{"start":{"line":102,"column":4},"end":{"line":102,"column":28}},"32":{"start":{"line":102,"column":16},"end":{"line":102,"column":28}},"33":{"start":{"line":104,"column":18},"end":{"line":108,"column":42}},"34":{"start":{"line":110,"column":4},"end":{"line":110,"column":31}},"35":{"start":{"line":117,"column":20},"end":{"line":122,"column":15}},"36":{"start":{"line":124,"column":4},"end":{"line":124,"column":69}},"37":{"start":{"line":124,"column":16},"end":{"line":124,"column":69}},"38":{"start":{"line":126,"column":4},"end":{"line":128,"column":5}},"39":{"start":{"line":127,"column":6},"end":{"line":127,"column":64}},"40":{"start":{"line":130,"column":21},"end":{"line":130,"column":47}},"41":{"start":{"line":132,"column":4},"end":{"line":160,"column":5}},"42":{"start":{"line":133,"column":22},"end":{"line":136,"column":null}},"43":{"start":{"line":139,"column":6},"end":{"line":151,"column":41}},"44":{"start":{"line":153,"column":6},"end":{"line":159,"column":8}},"45":{"start":{"line":162,"column":18},"end":{"line":166,"column":47}},"46":{"start":{"line":168,"column":23},"end":{"line":168,"column":54}},"47":{"start":{"line":168,"column":40},"end":{"line":168,"column":53}},"48":{"start":{"line":169,"column":24},"end":{"line":173,"column":48}},"49":{"start":{"line":175,"column":23},"end":{"line":175,"column":65}},"50":{"start":{"line":175,"column":54},"end":{"line":175,"column":63}},"51":{"start":{"line":177,"column":40},"end":{"line":185,"column":6}},"52":{"start":{"line":178,"column":22},"end":{"line":178,"column":54}},"53":{"start":{"line":179,"column":6},"end":{"line":184,"column":8}},"54":{"start":{"line":187,"column":21},"end":{"line":190,"column":null}},"55":{"start":{"line":193,"column":4},"end":{"line":203,"column":39}},"56":{"start":{"line":205,"column":4},"end":{"line":210,"column":6}},"57":{"start":{"line":19,"column":13},"end":{"line":19,"column":28}},"58":{"start":{"line":19,"column":13},"end":{"line":212,"column":null}}},"fnMap":{"0":{"name":"(anonymous_2)","decl":{"start":{"line":22,"column":2},"end":{"line":22,"column":null}},"loc":{"start":{"line":24,"column":50},"end":{"line":25,"column":6}}},"1":{"name":"(anonymous_3)","decl":{"start":{"line":27,"column":2},"end":{"line":27,"column":7}},"loc":{"start":{"line":27,"column":49},"end":{"line":92,"column":3}}},"2":{"name":"(anonymous_4)","decl":{"start":{"line":28,"column":37},"end":{"line":28,"column":38}},"loc":{"start":{"line":28,"column":44},"end":{"line":28,"column":57}}},"3":{"name":"(anonymous_5)","decl":{"start":{"line":35,"column":47},"end":{"line":35,"column":48}},"loc":{"start":{"line":35,"column":54},"end":{"line":35,"column":63}}},"4":{"name":"(anonymous_6)","decl":{"start":{"line":46,"column":37},"end":{"line":46,"column":38}},"loc":{"start":{"line":46,"column":46},"end":{"line":56,"column":5}}},"5":{"name":"(anonymous_7)","decl":{"start":{"line":59,"column":6},"end":{"line":59,"column":7}},"loc":{"start":{"line":59,"column":18},"end":{"line":59,"column":49}}},"6":{"name":"(anonymous_8)","decl":{"start":{"line":85,"column":23},"end":{"line":85,"column":24}},"loc":{"start":{"line":85,"column":34},"end":{"line":88,"column":10}}},"7":{"name":"(anonymous_9)","decl":{"start":{"line":94,"column":2},"end":{"line":94,"column":7}},"loc":{"start":{"line":94,"column":31},"end":{"line":111,"column":3}}},"8":{"name":"(anonymous_10)","decl":{"start":{"line":113,"column":2},"end":{"line":113,"column":7}},"loc":{"start":{"line":115,"column":34},"end":{"line":211,"column":3}}},"9":{"name":"(anonymous_11)","decl":{"start":{"line":168,"column":33},"end":{"line":168,"column":34}},"loc":{"start":{"line":168,"column":40},"end":{"line":168,"column":53}}},"10":{"name":"(anonymous_12)","decl":{"start":{"line":175,"column":47},"end":{"line":175,"column":48}},"loc":{"start":{"line":175,"column":54},"end":{"line":175,"column":63}}},"11":{"name":"(anonymous_13)","decl":{"start":{"line":177,"column":50},"end":{"line":177,"column":51}},"loc":{"start":{"line":177,"column":59},"end":{"line":185,"column":5}}}},"branchMap":{"0":{"loc":{"start":{"line":39,"column":6},"end":{"line":43,"column":7}},"type":"if","locations":[{"start":{"line":39,"column":6},"end":{"line":43,"column":7}}]},"1":{"loc":{"start":{"line":39,"column":10},"end":{"line":39,"column":52}},"type":"binary-expr","locations":[{"start":{"line":39,"column":10},"end":{"line":39,"column":18}},{"start":{"line":39,"column":22},"end":{"line":39,"column":52}}]},"2":{"loc":{"start":{"line":53,"column":24},"end":{"line":53,"column":51}},"type":"binary-expr","locations":[{"start":{"line":53,"column":24},"end":{"line":53,"column":43}},{"start":{"line":53,"column":47},"end":{"line":53,"column":51}}]},"3":{"loc":{"start":{"line":71,"column":23},"end":{"line":71,"column":48}},"type":"binary-expr","locations":[{"start":{"line":71,"column":23},"end":{"line":71,"column":40}},{"start":{"line":71,"column":44},"end":{"line":71,"column":48}}]},"4":{"loc":{"start":{"line":72,"column":21},"end":{"line":72,"column":44}},"type":"binary-expr","locations":[{"start":{"line":72,"column":21},"end":{"line":72,"column":36}},{"start":{"line":72,"column":40},"end":{"line":72,"column":44}}]},"5":{"loc":{"start":{"line":73,"column":25},"end":{"line":73,"column":52}},"type":"binary-expr","locations":[{"start":{"line":73,"column":25},"end":{"line":73,"column":44}},{"start":{"line":73,"column":48},"end":{"line":73,"column":52}}]},"6":{"loc":{"start":{"line":102,"column":4},"end":{"line":102,"column":28}},"type":"if","locations":[{"start":{"line":102,"column":4},"end":{"line":102,"column":28}}]},"7":{"loc":{"start":{"line":124,"column":4},"end":{"line":124,"column":69}},"type":"if","locations":[{"start":{"line":124,"column":4},"end":{"line":124,"column":69}}]},"8":{"loc":{"start":{"line":126,"column":4},"end":{"line":128,"column":5}},"type":"if","locations":[{"start":{"line":126,"column":4},"end":{"line":128,"column":5}}]},"9":{"loc":{"start":{"line":126,"column":8},"end":{"line":126,"column":73}},"type":"binary-expr","locations":[{"start":{"line":126,"column":8},"end":{"line":126,"column":34}},{"start":{"line":126,"column":38},"end":{"line":126,"column":73}}]},"10":{"loc":{"start":{"line":132,"column":4},"end":{"line":160,"column":5}},"type":"if","locations":[{"start":{"line":132,"column":4},"end":{"line":160,"column":5}}]},"11":{"loc":{"start":{"line":180,"column":15},"end":{"line":180,"column":48}},"type":"binary-expr","locations":[{"start":{"line":180,"column":15},"end":{"line":180,"column":35}},{"start":{"line":180,"column":39},"end":{"line":180,"column":48}}]},"12":{"loc":{"start":{"line":181,"column":21},"end":{"line":181,"column":46}},"type":"binary-expr","locations":[{"start":{"line":181,"column":21},"end":{"line":181,"column":40}},{"start":{"line":181,"column":44},"end":{"line":181,"column":46}}]}},"s":{"0":0,"1":0,"2":0,"3":0,"4":0,"5":0,"6":0,"7":0,"8":0,"9":0,"10":0,"11":0,"12":0,"13":0,"14":0,"15":0,"16":0,"17":0,"18":0,"19":0,"20":0,"21":0,"22":0,"23":0,"24":0,"25":0,"26":0,"27":0,"28":0,"29":0,"30":0,"31":0,"32":0,"33":0,"34":0,"35":0,"36":0,"37":0,"38":0,"39":0,"40":0,"41":0,"42":0,"43":0,"44":0,"45":0,"46":0,"47":0,"48":0,"49":0,"50":0,"51":0,"52":0,"53":0,"54":0,"55":0,"56":0,"57":0,"58":0},"f":{"0":0,"1":0,"2":0,"3":0,"4":0,"5":0,"6":0,"7":0,"8":0,"9":0,"10":0,"11":0},"b":{"0":[0],"1":[0,0],"2":[0,0],"3":[0,0],"4":[0,0],"5":[0,0],"6":[0],"7":[0],"8":[0],"9":[0,0],"10":[0],"11":[0,0],"12":[0,0]}}
}
